[INFO ][2022-07-15 09:07:14,237][Thread-1402,pid:21,tid:139767849129728][session.py:74.__init__] - static conf path: /data/projects/fate/eggroll/conf/eggroll.properties
[INFO ][2022-07-15 09:07:15,672][Thread-1402,pid:21,tid:139767849129728][session.py:212.__init__] - session init finished: 202207150905077715100_dataio_0_0_host_10000_clean, details: <ErSessionMeta(id=202207150905077715100_dataio_0_0_host_10000_clean, name=, status=ACTIVE, tag=, processors=[***, len=1], options=[{'eggroll.session.processors.per.node': '1', 'eggroll.rollpair.inmemory_output': 'True', 'eggroll.session.deploy.mode': 'cluster'}]) at 0x7f1e71973128>
[INFO ][2022-07-15 09:07:15,672][Thread-1402,pid:21,tid:139767849129728][gc_utils.py:26.__init__] - global GC enabled. starting GC thread
[INFO ][2022-07-15 09:07:15,756][Thread-1402,pid:21,tid:139767849129728][session.py:374.stop] - stopping session (gracefully): 202207150905077715100_dataio_0_0_host_10000_clean
[INFO ][2022-07-15 09:07:15,757][Thread-1402,pid:21,tid:139767849129728][gc_utils.py:32.stop] - GC: gc_util.stop called
[INFO ][2022-07-15 09:07:16,173][Thread-1403,pid:21,tid:139767631050496][gc_utils.py:52.run] - GC should_stop=True, stopping GC thread
[INFO ][2022-07-15 09:07:16,676][Thread-1402,pid:21,tid:139767849129728][session.py:374.stop] - stopping session (gracefully): 202207150905077715100_dataio_0_0_host_10000_clean
[INFO ][2022-07-15 09:07:16,676][Thread-1402,pid:21,tid:139767849129728][gc_utils.py:32.stop] - GC: gc_util.stop called
[INFO ][2022-07-15 09:07:24,852][MainThread,pid:4033,tid:140209160206144][session.py:74.__init__] - static conf path: /data/projects/fate/eggroll/conf/eggroll.properties
[INFO ][2022-07-15 09:07:24,886][MainThread,pid:4033,tid:140209160206144][session.py:212.__init__] - session init finished: 202207150905077715100_dataio_0_0_host_10000, details: <ErSessionMeta(id=202207150905077715100_dataio_0_0_host_10000, name=, status=ACTIVE, tag=, processors=[***, len=4], options=[{'eggroll.rollpair.inmemory_output': 'True', 'eggroll.session.processors.per.node': '4', 'python.path': '/data/projects/fate/fate/python:/opt/rh/rh-nodejs10/root/usr/lib/python2.7/site-packages::/data/projects/fate/fate/python:/data/projects/fate/eggroll/python:/data/projects/fate/fateflow/python:/data/projects/fate/fate/python/fate_client', 'python.venv': '/opt/app-root', 'eggroll.session.deploy.mode': 'cluster'}]) at 0x7f84d67a30f0>
[INFO ][2022-07-15 09:07:24,886][MainThread,pid:4033,tid:140209160206144][gc_utils.py:26.__init__] - global GC enabled. starting GC thread
[INFO ][2022-07-15 09:07:24,912][MainThread,pid:4033,tid:140209160206144][session.py:374.stop] - stopping session (gracefully): 202207150905077715100_dataio_0_0_host_10000
[INFO ][2022-07-15 09:07:24,913][MainThread,pid:4033,tid:140209160206144][gc_utils.py:32.stop] - GC: gc_util.stop called
[INFO ][2022-07-15 09:07:25,386][Thread-1,pid:4033,tid:140208485234432][gc_utils.py:52.run] - GC should_stop=True, stopping GC thread
[INFO ][2022-07-15 09:07:25,457][MainThread,pid:4033,tid:140209160206144][session.py:374.stop] - stopping session (gracefully): 202207150905077715100_dataio_0_0_host_10000
[INFO ][2022-07-15 09:07:25,458][MainThread,pid:4033,tid:140209160206144][gc_utils.py:32.stop] - GC: gc_util.stop called
[INFO ][2022-07-15 09:07:29,494][MainThread,pid:4062,tid:139927285999424][session.py:74.__init__] - static conf path: /data/projects/fate/eggroll/conf/eggroll.properties
[INFO ][2022-07-15 09:07:29,547][MainThread,pid:4059,tid:139639239632704][session.py:74.__init__] - static conf path: /data/projects/fate/eggroll/conf/eggroll.properties
[INFO ][2022-07-15 09:07:31,154][MainThread,pid:4062,tid:139927285999424][session.py:212.__init__] - session init finished: 202207150905077715100_homo_nn_0_0_host_10000, details: <ErSessionMeta(id=202207150905077715100_homo_nn_0_0_host_10000, name=, status=ACTIVE, tag=, processors=[***, len=4], options=[{'python.venv': '/opt/app-root', 'eggroll.rollpair.inmemory_output': 'True', 'eggroll.session.processors.per.node': '4', 'eggroll.session.deploy.mode': 'cluster', 'python.path': '/data/projects/fate/fate/python:/opt/rh/rh-nodejs10/root/usr/lib/python2.7/site-packages::/data/projects/fate/fate/python:/data/projects/fate/eggroll/python:/data/projects/fate/fateflow/python:/data/projects/fate/fate/python/fate_client'}]) at 0x7f43313b8208>
[INFO ][2022-07-15 09:07:31,155][MainThread,pid:4062,tid:139927285999424][gc_utils.py:26.__init__] - global GC enabled. starting GC thread
[INFO ][2022-07-15 09:07:31,161][MainThread,pid:4059,tid:139639239632704][session.py:212.__init__] - session init finished: 202207150905077715100_homo_nn_0_0_arbiter_10000, details: <ErSessionMeta(id=202207150905077715100_homo_nn_0_0_arbiter_10000, name=, status=ACTIVE, tag=, processors=[***, len=1], options=[{'python.path': '/data/projects/fate/fate/python:/opt/rh/rh-nodejs10/root/usr/lib/python2.7/site-packages::/data/projects/fate/fate/python:/data/projects/fate/eggroll/python:/data/projects/fate/fateflow/python:/data/projects/fate/fate/python/fate_client', 'eggroll.session.processors.per.node': '1', 'eggroll.rollpair.inmemory_output': 'True', 'eggroll.session.deploy.mode': 'cluster', 'python.venv': '/opt/app-root'}]) at 0x7f002054e080>
[INFO ][2022-07-15 09:07:31,161][MainThread,pid:4059,tid:139639239632704][gc_utils.py:26.__init__] - global GC enabled. starting GC thread
[INFO ][2022-07-15 09:07:31,241][MainThread,pid:4059,tid:139639239632704][roll_site.py:130.__init__] - inited RollSiteContext: {'roll_site_session_id': '202207150905077715100_homo_nn_0_0', 'rp_ctx': <eggroll.roll_pair.roll_pair.RollPairContext object at 0x7f0020808320>, 'push_session_enabled': False, '_push_session': None, '_push_rp_ctx': None, 'role': 'arbiter', 'party_id': '10000', '_options': {'self_role': 'arbiter', 'self_party_id': '10000', 'proxy_endpoint': 'rollsite:9370'}, '_registered_comm_types': {'grpc': <class 'eggroll.roll_site.roll_site.RollSiteGrpc'>}, 'proxy_endpoint': <ErEndpoint(host=rollsite, port=9370) at 0x7f002054e9e8>, 'is_standalone': False, 'pushing_latch': <eggroll.roll_site.roll_site.CountDownLatch object at 0x7f002054ec88>, '_wait_push_exit_timeout': 600}
[INFO ][2022-07-15 09:07:31,241][MainThread,pid:4062,tid:139927285999424][roll_site.py:130.__init__] - inited RollSiteContext: {'roll_site_session_id': '202207150905077715100_homo_nn_0_0', 'rp_ctx': <eggroll.roll_pair.roll_pair.RollPairContext object at 0x7f43313a7f98>, 'push_session_enabled': False, '_push_session': None, '_push_rp_ctx': None, 'role': 'host', 'party_id': '10000', '_options': {'self_role': 'host', 'self_party_id': '10000', 'proxy_endpoint': 'rollsite:9370'}, '_registered_comm_types': {'grpc': <class 'eggroll.roll_site.roll_site.RollSiteGrpc'>}, 'proxy_endpoint': <ErEndpoint(host=rollsite, port=9370) at 0x7f43313c5400>, 'is_standalone': False, 'pushing_latch': <eggroll.roll_site.roll_site.CountDownLatch object at 0x7f43313c58d0>, '_wait_push_exit_timeout': 600}
[INFO ][2022-07-15 09:07:38,373][Thread-1435,pid:21,tid:139767849129728][session.py:74.__init__] - static conf path: /data/projects/fate/eggroll/conf/eggroll.properties
[INFO ][2022-07-15 09:07:40,542][Thread-1435,pid:21,tid:139767849129728][session.py:212.__init__] - session init finished: 202207150905077715100_homo_nn_0_0_arbiter_10000_clean, details: <ErSessionMeta(id=202207150905077715100_homo_nn_0_0_arbiter_10000_clean, name=, status=ACTIVE, tag=, processors=[***, len=1], options=[{'eggroll.session.processors.per.node': '1', 'eggroll.session.deploy.mode': 'cluster', 'eggroll.rollpair.inmemory_output': 'True'}]) at 0x7f1e71979470>
[INFO ][2022-07-15 09:07:40,543][Thread-1435,pid:21,tid:139767849129728][gc_utils.py:26.__init__] - global GC enabled. starting GC thread
[INFO ][2022-07-15 09:07:40,608][Thread-1435,pid:21,tid:139767849129728][session.py:374.stop] - stopping session (gracefully): 202207150905077715100_homo_nn_0_0_arbiter_10000_clean
[INFO ][2022-07-15 09:07:40,609][Thread-1435,pid:21,tid:139767849129728][gc_utils.py:32.stop] - GC: gc_util.stop called
[INFO ][2022-07-15 09:07:41,045][Thread-1444,pid:21,tid:139767631050496][gc_utils.py:52.run] - GC should_stop=True, stopping GC thread
[INFO ][2022-07-15 09:07:41,626][Thread-1435,pid:21,tid:139767849129728][session.py:374.stop] - stopping session (gracefully): 202207150905077715100_homo_nn_0_0_arbiter_10000_clean
[INFO ][2022-07-15 09:07:41,626][Thread-1435,pid:21,tid:139767849129728][gc_utils.py:32.stop] - GC: gc_util.stop called
[INFO ][2022-07-15 09:07:47,515][Thread-1445,pid:21,tid:139767849129728][session.py:74.__init__] - static conf path: /data/projects/fate/eggroll/conf/eggroll.properties
[INFO ][2022-07-15 09:07:48,587][Thread-1445,pid:21,tid:139767849129728][session.py:212.__init__] - session init finished: 202207150905077715100_homo_nn_0_0_host_10000_clean, details: <ErSessionMeta(id=202207150905077715100_homo_nn_0_0_host_10000_clean, name=, status=ACTIVE, tag=, processors=[***, len=1], options=[{'eggroll.session.processors.per.node': '1', 'eggroll.rollpair.inmemory_output': 'True', 'eggroll.session.deploy.mode': 'cluster'}]) at 0x7f1e71973048>
[INFO ][2022-07-15 09:07:48,587][Thread-1445,pid:21,tid:139767849129728][gc_utils.py:26.__init__] - global GC enabled. starting GC thread
[INFO ][2022-07-15 09:07:48,644][Thread-1445,pid:21,tid:139767849129728][session.py:374.stop] - stopping session (gracefully): 202207150905077715100_homo_nn_0_0_host_10000_clean
[INFO ][2022-07-15 09:07:48,644][Thread-1445,pid:21,tid:139767849129728][gc_utils.py:32.stop] - GC: gc_util.stop called
[INFO ][2022-07-15 09:07:49,087][Thread-1446,pid:21,tid:139767631050496][gc_utils.py:52.run] - GC should_stop=True, stopping GC thread
[INFO ][2022-07-15 09:07:49,677][Thread-1445,pid:21,tid:139767849129728][session.py:374.stop] - stopping session (gracefully): 202207150905077715100_homo_nn_0_0_host_10000_clean
[INFO ][2022-07-15 09:07:49,678][Thread-1445,pid:21,tid:139767849129728][gc_utils.py:32.stop] - GC: gc_util.stop called
[INFO ][2022-07-15 09:07:51,252][MainThread,pid:4137,tid:140234774419264][session.py:74.__init__] - static conf path: /data/projects/fate/eggroll/conf/eggroll.properties
[INFO ][2022-07-15 09:07:51,281][MainThread,pid:4137,tid:140234774419264][session.py:212.__init__] - session init finished: 202207150905077715100_homo_nn_0_0_arbiter_10000, details: <ErSessionMeta(id=202207150905077715100_homo_nn_0_0_arbiter_10000, name=, status=ACTIVE, tag=, processors=[***, len=1], options=[{'python.venv': '/opt/app-root', 'eggroll.session.processors.per.node': '1', 'python.path': '/data/projects/fate/fate/python:/opt/rh/rh-nodejs10/root/usr/lib/python2.7/site-packages::/data/projects/fate/fate/python:/data/projects/fate/eggroll/python:/data/projects/fate/fateflow/python:/data/projects/fate/fate/python/fate_client', 'eggroll.session.deploy.mode': 'cluster', 'eggroll.rollpair.inmemory_output': 'True'}]) at 0x7f8acd3410f0>
[INFO ][2022-07-15 09:07:51,281][MainThread,pid:4137,tid:140234774419264][gc_utils.py:26.__init__] - global GC enabled. starting GC thread
[INFO ][2022-07-15 09:07:51,294][MainThread,pid:4137,tid:140234774419264][session.py:374.stop] - stopping session (gracefully): 202207150905077715100_homo_nn_0_0_arbiter_10000
[INFO ][2022-07-15 09:07:51,295][MainThread,pid:4137,tid:140234774419264][gc_utils.py:32.stop] - GC: gc_util.stop called
[INFO ][2022-07-15 09:07:51,782][Thread-1,pid:4137,tid:140234029262592][gc_utils.py:52.run] - GC should_stop=True, stopping GC thread
[INFO ][2022-07-15 09:07:52,292][MainThread,pid:4137,tid:140234774419264][session.py:374.stop] - stopping session (gracefully): 202207150905077715100_homo_nn_0_0_arbiter_10000
[INFO ][2022-07-15 09:07:52,293][MainThread,pid:4137,tid:140234774419264][gc_utils.py:32.stop] - GC: gc_util.stop called
[INFO ][2022-07-15 09:07:59,971][MainThread,pid:4154,tid:140618742433600][session.py:74.__init__] - static conf path: /data/projects/fate/eggroll/conf/eggroll.properties
[INFO ][2022-07-15 09:07:59,993][MainThread,pid:4154,tid:140618742433600][session.py:212.__init__] - session init finished: 202207150905077715100_homo_nn_0_0_host_10000, details: <ErSessionMeta(id=202207150905077715100_homo_nn_0_0_host_10000, name=, status=ACTIVE, tag=, processors=[***, len=4], options=[{'eggroll.session.processors.per.node': '4', 'eggroll.rollpair.inmemory_output': 'True', 'eggroll.session.deploy.mode': 'cluster', 'python.venv': '/opt/app-root', 'python.path': '/data/projects/fate/fate/python:/opt/rh/rh-nodejs10/root/usr/lib/python2.7/site-packages::/data/projects/fate/fate/python:/data/projects/fate/eggroll/python:/data/projects/fate/fateflow/python:/data/projects/fate/fate/python/fate_client'}]) at 0x7fe43379ff98>
[INFO ][2022-07-15 09:07:59,993][MainThread,pid:4154,tid:140618742433600][gc_utils.py:26.__init__] - global GC enabled. starting GC thread
[INFO ][2022-07-15 09:08:00,031][MainThread,pid:4154,tid:140618742433600][session.py:374.stop] - stopping session (gracefully): 202207150905077715100_homo_nn_0_0_host_10000
[INFO ][2022-07-15 09:08:00,032][MainThread,pid:4154,tid:140618742433600][gc_utils.py:32.stop] - GC: gc_util.stop called
[INFO ][2022-07-15 09:08:00,494][Thread-1,pid:4154,tid:140618067527424][gc_utils.py:52.run] - GC should_stop=True, stopping GC thread
[INFO ][2022-07-15 09:08:00,628][MainThread,pid:4157,tid:139929565615936][session.py:74.__init__] - static conf path: /data/projects/fate/eggroll/conf/eggroll.properties
[INFO ][2022-07-15 09:08:00,647][MainThread,pid:4157,tid:139929565615936][session.py:212.__init__] - session init finished: 202207150905077715100_homo_nn_0_0_host_10000, details: <ErSessionMeta(id=202207150905077715100_homo_nn_0_0_host_10000, name=, status=ACTIVE, tag=, processors=[***, len=4], options=[{'python.venv': '/opt/app-root', 'eggroll.rollpair.inmemory_output': 'True', 'eggroll.session.deploy.mode': 'cluster', 'python.path': '/data/projects/fate/fate/python:/opt/rh/rh-nodejs10/root/usr/lib/python2.7/site-packages::/data/projects/fate/fate/python:/data/projects/fate/eggroll/python:/data/projects/fate/fateflow/python:/data/projects/fate/fate/python/fate_client', 'eggroll.session.processors.per.node': '4'}]) at 0x7f43bd5750b8>
[INFO ][2022-07-15 09:08:00,647][MainThread,pid:4157,tid:139929565615936][gc_utils.py:26.__init__] - global GC enabled. starting GC thread
[INFO ][2022-07-15 09:08:00,667][MainThread,pid:4157,tid:139929565615936][session.py:374.stop] - stopping session (gracefully): 202207150905077715100_homo_nn_0_0_host_10000
[INFO ][2022-07-15 09:08:00,668][MainThread,pid:4157,tid:139929565615936][gc_utils.py:32.stop] - GC: gc_util.stop called
[INFO ][2022-07-15 09:08:01,148][Thread-1,pid:4157,tid:139928826541824][gc_utils.py:52.run] - GC should_stop=True, stopping GC thread
[INFO ][2022-07-15 09:08:01,177][MainThread,pid:4157,tid:139929565615936][session.py:374.stop] - stopping session (gracefully): 202207150905077715100_homo_nn_0_0_host_10000
[INFO ][2022-07-15 09:08:01,177][MainThread,pid:4157,tid:139929565615936][gc_utils.py:32.stop] - GC: gc_util.stop called
[INFO ][2022-07-15 09:08:01,196][MainThread,pid:4154,tid:140618742433600][session.py:374.stop] - stopping session (gracefully): 202207150905077715100_homo_nn_0_0_host_10000
[INFO ][2022-07-15 09:08:01,196][MainThread,pid:4154,tid:140618742433600][gc_utils.py:32.stop] - GC: gc_util.stop called
[INFO ][2022-07-15 10:01:57,348][MainThread,pid:4143,tid:140322440124224][session.py:74.__init__] - static conf path: /data/projects/fate/eggroll/conf/eggroll.properties
[INFO ][2022-07-15 10:02:02,337][MainThread,pid:4143,tid:140322440124224][session.py:212.__init__] - session init finished: 202207151001464747760_reader_0_0_host_10000, details: <ErSessionMeta(id=202207151001464747760_reader_0_0_host_10000, name=, status=ACTIVE, tag=, processors=[***, len=4], options=[{'python.venv': '/opt/app-root', 'eggroll.session.processors.per.node': '4', 'python.path': '/data/projects/fate/fateflow/python:/opt/rh/rh-nodejs10/root/usr/lib/python2.7/site-packages::/data/projects/fate/fate/python:/data/projects/fate/eggroll/python:/data/projects/fate/fateflow/python:/data/projects/fate/fate/python/fate_client', 'eggroll.session.deploy.mode': 'cluster', 'eggroll.rollpair.inmemory_output': 'True'}]) at 0x7f9f422a5198>
[INFO ][2022-07-15 10:02:02,338][MainThread,pid:4143,tid:140322440124224][gc_utils.py:26.__init__] - global GC enabled. starting GC thread
[INFO ][2022-07-15 10:02:02,462][MainThread,pid:4143,tid:140322440124224][roll_site.py:130.__init__] - inited RollSiteContext: {'roll_site_session_id': '202207151001464747760_reader_0_0', 'rp_ctx': <eggroll.roll_pair.roll_pair.RollPairContext object at 0x7f9f42294fd0>, 'push_session_enabled': False, '_push_session': None, '_push_rp_ctx': None, 'role': 'host', 'party_id': '10000', '_options': {'self_role': 'host', 'self_party_id': '10000', 'proxy_endpoint': 'rollsite:9370'}, '_registered_comm_types': {'grpc': <class 'eggroll.roll_site.roll_site.RollSiteGrpc'>}, 'proxy_endpoint': <ErEndpoint(host=rollsite, port=9370) at 0x7f9f422b5278>, 'is_standalone': False, 'pushing_latch': <eggroll.roll_site.roll_site.CountDownLatch object at 0x7f9f422b50f0>, '_wait_push_exit_timeout': 600}
[INFO ][2022-07-15 10:02:02,500][MainThread,pid:4143,tid:140322440124224][session.py:74.__init__] - static conf path: /data/projects/fate/eggroll/conf/eggroll.properties
[INFO ][2022-07-15 10:02:03,920][MainThread,pid:4143,tid:140322440124224][session.py:212.__init__] - session init finished: 202207151001464747760_reader_0_0_host_10000_storage_2c79c572-0425-11ed-9e33-0242c0a70064, details: <ErSessionMeta(id=202207151001464747760_reader_0_0_host_10000_storage_2c79c572-0425-11ed-9e33-0242c0a70064, name=, status=ACTIVE, tag=, processors=[***, len=4], options=[{'eggroll.session.deploy.mode': 'cluster'}]) at 0x7f9f40003940>
[INFO ][2022-07-15 10:02:03,921][MainThread,pid:4143,tid:140322440124224][gc_utils.py:26.__init__] - global GC enabled. starting GC thread
[INFO ][2022-07-15 10:02:30,350][Thread-607,pid:21,tid:139914481997568][session.py:74.__init__] - static conf path: /data/projects/fate/eggroll/conf/eggroll.properties
[INFO ][2022-07-15 10:02:31,453][Thread-607,pid:21,tid:139914481997568][session.py:212.__init__] - session init finished: 202207151001464747760_reader_0_0_host_10000_clean, details: <ErSessionMeta(id=202207151001464747760_reader_0_0_host_10000_clean, name=, status=ACTIVE, tag=, processors=[***, len=1], options=[{'eggroll.session.processors.per.node': '1', 'eggroll.session.deploy.mode': 'cluster', 'eggroll.rollpair.inmemory_output': 'True'}]) at 0x7f4009ed6da0>
[INFO ][2022-07-15 10:02:31,453][Thread-607,pid:21,tid:139914481997568][gc_utils.py:26.__init__] - global GC enabled. starting GC thread
[INFO ][2022-07-15 10:02:31,511][Thread-607,pid:21,tid:139914481997568][session.py:374.stop] - stopping session (gracefully): 202207151001464747760_reader_0_0_host_10000_clean
[INFO ][2022-07-15 10:02:31,512][Thread-607,pid:21,tid:139914481997568][gc_utils.py:32.stop] - GC: gc_util.stop called
[INFO ][2022-07-15 10:02:31,960][Thread-618,pid:21,tid:139912863901440][gc_utils.py:52.run] - GC should_stop=True, stopping GC thread
[INFO ][2022-07-15 10:02:32,451][Thread-607,pid:21,tid:139914481997568][session.py:374.stop] - stopping session (gracefully): 202207151001464747760_reader_0_0_host_10000_clean
[INFO ][2022-07-15 10:02:32,451][Thread-607,pid:21,tid:139914481997568][gc_utils.py:32.stop] - GC: gc_util.stop called
[INFO ][2022-07-15 10:02:40,909][MainThread,pid:4307,tid:140384097552192][session.py:74.__init__] - static conf path: /data/projects/fate/eggroll/conf/eggroll.properties
[INFO ][2022-07-15 10:02:40,940][MainThread,pid:4307,tid:140384097552192][session.py:212.__init__] - session init finished: 202207151001464747760_reader_0_0_host_10000, details: <ErSessionMeta(id=202207151001464747760_reader_0_0_host_10000, name=, status=ACTIVE, tag=, processors=[***, len=4], options=[{'eggroll.session.processors.per.node': '4', 'python.venv': '/opt/app-root', 'python.path': '/data/projects/fate/fateflow/python:/opt/rh/rh-nodejs10/root/usr/lib/python2.7/site-packages::/data/projects/fate/fate/python:/data/projects/fate/eggroll/python:/data/projects/fate/fateflow/python:/data/projects/fate/fate/python/fate_client', 'eggroll.session.deploy.mode': 'cluster', 'eggroll.rollpair.inmemory_output': 'True'}]) at 0x7fad9dfd3e10>
[INFO ][2022-07-15 10:02:40,940][MainThread,pid:4307,tid:140384097552192][gc_utils.py:26.__init__] - global GC enabled. starting GC thread
[INFO ][2022-07-15 10:02:40,965][MainThread,pid:4307,tid:140384097552192][session.py:74.__init__] - static conf path: /data/projects/fate/eggroll/conf/eggroll.properties
[INFO ][2022-07-15 10:02:40,976][MainThread,pid:4307,tid:140384097552192][session.py:212.__init__] - session init finished: 202207151001464747760_reader_0_0_host_10000_storage_2c79c572-0425-11ed-9e33-0242c0a70064, details: <ErSessionMeta(id=202207151001464747760_reader_0_0_host_10000_storage_2c79c572-0425-11ed-9e33-0242c0a70064, name=, status=ACTIVE, tag=, processors=[***, len=4], options=[{'eggroll.session.deploy.mode': 'cluster'}]) at 0x7fad9c789320>
[INFO ][2022-07-15 10:02:40,977][MainThread,pid:4307,tid:140384097552192][gc_utils.py:26.__init__] - global GC enabled. starting GC thread
[INFO ][2022-07-15 10:02:40,999][MainThread,pid:4307,tid:140384097552192][session.py:374.stop] - stopping session (gracefully): 202207151001464747760_reader_0_0_host_10000_storage_2c79c572-0425-11ed-9e33-0242c0a70064
[INFO ][2022-07-15 10:02:41,001][MainThread,pid:4307,tid:140384097552192][gc_utils.py:32.stop] - GC: gc_util.stop called
[INFO ][2022-07-15 10:02:41,477][Thread-2,pid:4307,tid:140383388415744][gc_utils.py:52.run] - GC should_stop=True, stopping GC thread
[INFO ][2022-07-15 10:02:42,058][MainThread,pid:4307,tid:140384097552192][session.py:374.stop] - stopping session (gracefully): 202207151001464747760_reader_0_0_host_10000
[INFO ][2022-07-15 10:02:42,058][MainThread,pid:4307,tid:140384097552192][gc_utils.py:32.stop] - GC: gc_util.stop called
[INFO ][2022-07-15 10:02:42,454][Thread-1,pid:4307,tid:140383421986560][gc_utils.py:52.run] - GC should_stop=True, stopping GC thread
[INFO ][2022-07-15 10:02:42,466][MainThread,pid:4307,tid:140384097552192][session.py:374.stop] - stopping session (gracefully): 202207151001464747760_reader_0_0_host_10000_storage_2c79c572-0425-11ed-9e33-0242c0a70064
[INFO ][2022-07-15 10:02:42,466][MainThread,pid:4307,tid:140384097552192][gc_utils.py:32.stop] - GC: gc_util.stop called
[INFO ][2022-07-15 10:02:42,476][MainThread,pid:4307,tid:140384097552192][session.py:374.stop] - stopping session (gracefully): 202207151001464747760_reader_0_0_host_10000
[INFO ][2022-07-15 10:02:42,477][MainThread,pid:4307,tid:140384097552192][gc_utils.py:32.stop] - GC: gc_util.stop called
[INFO ][2022-07-15 10:02:46,294][MainThread,pid:4330,tid:140442779846464][session.py:74.__init__] - static conf path: /data/projects/fate/eggroll/conf/eggroll.properties
[INFO ][2022-07-15 10:02:47,641][MainThread,pid:4330,tid:140442779846464][session.py:212.__init__] - session init finished: 202207151001464747760_dataio_0_0_host_10000, details: <ErSessionMeta(id=202207151001464747760_dataio_0_0_host_10000, name=, status=ACTIVE, tag=, processors=[***, len=4], options=[{'python.path': '/data/projects/fate/fate/python:/opt/rh/rh-nodejs10/root/usr/lib/python2.7/site-packages::/data/projects/fate/fate/python:/data/projects/fate/eggroll/python:/data/projects/fate/fateflow/python:/data/projects/fate/fate/python/fate_client', 'eggroll.rollpair.inmemory_output': 'True', 'eggroll.session.deploy.mode': 'cluster', 'eggroll.session.processors.per.node': '4', 'python.venv': '/opt/app-root'}]) at 0x7fbb46e9a550>
[INFO ][2022-07-15 10:02:47,641][MainThread,pid:4330,tid:140442779846464][gc_utils.py:26.__init__] - global GC enabled. starting GC thread
[INFO ][2022-07-15 10:02:47,707][MainThread,pid:4330,tid:140442779846464][roll_site.py:130.__init__] - inited RollSiteContext: {'roll_site_session_id': '202207151001464747760_dataio_0_0', 'rp_ctx': <eggroll.roll_pair.roll_pair.RollPairContext object at 0x7fbb47152908>, 'push_session_enabled': False, '_push_session': None, '_push_rp_ctx': None, 'role': 'host', 'party_id': '10000', '_options': {'self_role': 'host', 'self_party_id': '10000', 'proxy_endpoint': 'rollsite:9370'}, '_registered_comm_types': {'grpc': <class 'eggroll.roll_site.roll_site.RollSiteGrpc'>}, 'proxy_endpoint': <ErEndpoint(host=rollsite, port=9370) at 0x7fbb46ea9198>, 'is_standalone': False, 'pushing_latch': <eggroll.roll_site.roll_site.CountDownLatch object at 0x7fbb46ea9390>, '_wait_push_exit_timeout': 600}
[INFO ][2022-07-15 10:02:48,213][MainThread,pid:4330,tid:140442779846464][transfer_pair.py:113.__init__] - transfer pair _executor_pool max_workers=5000
[INFO ][2022-07-15 10:03:33,124][Thread-642,pid:21,tid:139914481997568][session.py:74.__init__] - static conf path: /data/projects/fate/eggroll/conf/eggroll.properties
[INFO ][2022-07-15 10:03:34,329][Thread-642,pid:21,tid:139914481997568][session.py:212.__init__] - session init finished: 202207151001464747760_dataio_0_0_host_10000_clean, details: <ErSessionMeta(id=202207151001464747760_dataio_0_0_host_10000_clean, name=, status=ACTIVE, tag=, processors=[***, len=1], options=[{'eggroll.rollpair.inmemory_output': 'True', 'eggroll.session.deploy.mode': 'cluster', 'eggroll.session.processors.per.node': '1'}]) at 0x7f4009c9ee80>
[INFO ][2022-07-15 10:03:34,329][Thread-642,pid:21,tid:139914481997568][gc_utils.py:26.__init__] - global GC enabled. starting GC thread
[INFO ][2022-07-15 10:03:34,400][Thread-642,pid:21,tid:139914481997568][session.py:374.stop] - stopping session (gracefully): 202207151001464747760_dataio_0_0_host_10000_clean
[INFO ][2022-07-15 10:03:34,400][Thread-642,pid:21,tid:139914481997568][gc_utils.py:32.stop] - GC: gc_util.stop called
[INFO ][2022-07-15 10:03:34,829][Thread-643,pid:21,tid:139912872294144][gc_utils.py:52.run] - GC should_stop=True, stopping GC thread
[INFO ][2022-07-15 10:03:35,405][Thread-642,pid:21,tid:139914481997568][session.py:374.stop] - stopping session (gracefully): 202207151001464747760_dataio_0_0_host_10000_clean
[INFO ][2022-07-15 10:03:35,406][Thread-642,pid:21,tid:139914481997568][gc_utils.py:32.stop] - GC: gc_util.stop called
[INFO ][2022-07-15 10:03:42,978][MainThread,pid:4427,tid:140184524015424][session.py:74.__init__] - static conf path: /data/projects/fate/eggroll/conf/eggroll.properties
[INFO ][2022-07-15 10:03:42,996][MainThread,pid:4427,tid:140184524015424][session.py:212.__init__] - session init finished: 202207151001464747760_dataio_0_0_host_10000, details: <ErSessionMeta(id=202207151001464747760_dataio_0_0_host_10000, name=, status=ACTIVE, tag=, processors=[***, len=4], options=[{'eggroll.session.processors.per.node': '4', 'eggroll.rollpair.inmemory_output': 'True', 'eggroll.session.deploy.mode': 'cluster', 'python.path': '/data/projects/fate/fate/python:/opt/rh/rh-nodejs10/root/usr/lib/python2.7/site-packages::/data/projects/fate/fate/python:/data/projects/fate/eggroll/python:/data/projects/fate/fateflow/python:/data/projects/fate/fate/python/fate_client', 'python.venv': '/opt/app-root'}]) at 0x7f7f267abcc0>
[INFO ][2022-07-15 10:03:42,996][MainThread,pid:4427,tid:140184524015424][gc_utils.py:26.__init__] - global GC enabled. starting GC thread
[INFO ][2022-07-15 10:03:43,019][MainThread,pid:4427,tid:140184524015424][session.py:374.stop] - stopping session (gracefully): 202207151001464747760_dataio_0_0_host_10000
[INFO ][2022-07-15 10:03:43,021][MainThread,pid:4427,tid:140184524015424][gc_utils.py:32.stop] - GC: gc_util.stop called
[INFO ][2022-07-15 10:03:43,497][Thread-1,pid:4427,tid:140184057730816][gc_utils.py:52.run] - GC should_stop=True, stopping GC thread
[INFO ][2022-07-15 10:03:43,753][MainThread,pid:4427,tid:140184524015424][session.py:374.stop] - stopping session (gracefully): 202207151001464747760_dataio_0_0_host_10000
[INFO ][2022-07-15 10:03:43,753][MainThread,pid:4427,tid:140184524015424][gc_utils.py:32.stop] - GC: gc_util.stop called
[INFO ][2022-07-15 10:03:50,014][MainThread,pid:4445,tid:139928852059968][session.py:74.__init__] - static conf path: /data/projects/fate/eggroll/conf/eggroll.properties
[INFO ][2022-07-15 10:03:50,177][MainThread,pid:4448,tid:140338851714880][session.py:74.__init__] - static conf path: /data/projects/fate/eggroll/conf/eggroll.properties
[INFO ][2022-07-15 10:03:51,875][MainThread,pid:4445,tid:139928852059968][session.py:212.__init__] - session init finished: 202207151001464747760_homo_nn_0_0_arbiter_10000, details: <ErSessionMeta(id=202207151001464747760_homo_nn_0_0_arbiter_10000, name=, status=ACTIVE, tag=, processors=[***, len=1], options=[{'python.venv': '/opt/app-root', 'python.path': '/data/projects/fate/fate/python:/opt/rh/rh-nodejs10/root/usr/lib/python2.7/site-packages::/data/projects/fate/fate/python:/data/projects/fate/eggroll/python:/data/projects/fate/fateflow/python:/data/projects/fate/fate/python/fate_client', 'eggroll.session.processors.per.node': '1', 'eggroll.session.deploy.mode': 'cluster', 'eggroll.rollpair.inmemory_output': 'True'}]) at 0x7f439b028d68>
[INFO ][2022-07-15 10:03:51,878][MainThread,pid:4445,tid:139928852059968][gc_utils.py:26.__init__] - global GC enabled. starting GC thread
[INFO ][2022-07-15 10:03:52,125][MainThread,pid:4445,tid:139928852059968][roll_site.py:130.__init__] - inited RollSiteContext: {'roll_site_session_id': '202207151001464747760_homo_nn_0_0', 'rp_ctx': <eggroll.roll_pair.roll_pair.RollPairContext object at 0x7f439b349e48>, 'push_session_enabled': False, '_push_session': None, '_push_rp_ctx': None, 'role': 'arbiter', 'party_id': '10000', '_options': {'self_role': 'arbiter', 'self_party_id': '10000', 'proxy_endpoint': 'rollsite:9370'}, '_registered_comm_types': {'grpc': <class 'eggroll.roll_site.roll_site.RollSiteGrpc'>}, 'proxy_endpoint': <ErEndpoint(host=rollsite, port=9370) at 0x7f439b03c7b8>, 'is_standalone': False, 'pushing_latch': <eggroll.roll_site.roll_site.CountDownLatch object at 0x7f439b03ca58>, '_wait_push_exit_timeout': 600}
[INFO ][2022-07-15 10:03:52,781][MainThread,pid:4448,tid:140338851714880][session.py:212.__init__] - session init finished: 202207151001464747760_homo_nn_0_0_host_10000, details: <ErSessionMeta(id=202207151001464747760_homo_nn_0_0_host_10000, name=, status=ACTIVE, tag=, processors=[***, len=4], options=[{'python.path': '/data/projects/fate/fate/python:/opt/rh/rh-nodejs10/root/usr/lib/python2.7/site-packages::/data/projects/fate/fate/python:/data/projects/fate/eggroll/python:/data/projects/fate/fateflow/python:/data/projects/fate/fate/python/fate_client', 'eggroll.session.deploy.mode': 'cluster', 'eggroll.rollpair.inmemory_output': 'True', 'eggroll.session.processors.per.node': '4', 'python.venv': '/opt/app-root'}]) at 0x7fa310e5b080>
[INFO ][2022-07-15 10:03:52,781][MainThread,pid:4448,tid:140338851714880][gc_utils.py:26.__init__] - global GC enabled. starting GC thread
[INFO ][2022-07-15 10:03:52,858][MainThread,pid:4448,tid:140338851714880][roll_site.py:130.__init__] - inited RollSiteContext: {'roll_site_session_id': '202207151001464747760_homo_nn_0_0', 'rp_ctx': <eggroll.roll_pair.roll_pair.RollPairContext object at 0x7fa31110e358>, 'push_session_enabled': False, '_push_session': None, '_push_rp_ctx': None, 'role': 'host', 'party_id': '10000', '_options': {'self_role': 'host', 'self_party_id': '10000', 'proxy_endpoint': 'rollsite:9370'}, '_registered_comm_types': {'grpc': <class 'eggroll.roll_site.roll_site.RollSiteGrpc'>}, 'proxy_endpoint': <ErEndpoint(host=rollsite, port=9370) at 0x7fa310e69e10>, 'is_standalone': False, 'pushing_latch': <eggroll.roll_site.roll_site.CountDownLatch object at 0x7fa310e69ac8>, '_wait_push_exit_timeout': 600}
[INFO ][2022-07-15 10:03:59,954][Thread-696,pid:21,tid:139914532353792][session.py:74.__init__] - static conf path: /data/projects/fate/eggroll/conf/eggroll.properties
[INFO ][2022-07-15 10:04:01,919][Thread-696,pid:21,tid:139914532353792][session.py:212.__init__] - session init finished: 202207151001464747760_homo_nn_0_0_arbiter_10000_clean, details: <ErSessionMeta(id=202207151001464747760_homo_nn_0_0_arbiter_10000_clean, name=, status=ACTIVE, tag=, processors=[***, len=1], options=[{'eggroll.rollpair.inmemory_output': 'True', 'eggroll.session.deploy.mode': 'cluster', 'eggroll.session.processors.per.node': '1'}]) at 0x7f4009c25748>
[INFO ][2022-07-15 10:04:01,919][Thread-696,pid:21,tid:139914532353792][gc_utils.py:26.__init__] - global GC enabled. starting GC thread
[INFO ][2022-07-15 10:04:01,977][Thread-696,pid:21,tid:139914532353792][session.py:374.stop] - stopping session (gracefully): 202207151001464747760_homo_nn_0_0_arbiter_10000_clean
[INFO ][2022-07-15 10:04:01,978][Thread-696,pid:21,tid:139914532353792][gc_utils.py:32.stop] - GC: gc_util.stop called
[INFO ][2022-07-15 10:04:02,420][Thread-697,pid:21,tid:139914482210560][gc_utils.py:52.run] - GC should_stop=True, stopping GC thread
[INFO ][2022-07-15 10:04:02,968][Thread-696,pid:21,tid:139914532353792][session.py:374.stop] - stopping session (gracefully): 202207151001464747760_homo_nn_0_0_arbiter_10000_clean
[INFO ][2022-07-15 10:04:02,968][Thread-696,pid:21,tid:139914532353792][gc_utils.py:32.stop] - GC: gc_util.stop called
[INFO ][2022-07-15 10:04:06,785][Thread-705,pid:21,tid:139914532353792][session.py:74.__init__] - static conf path: /data/projects/fate/eggroll/conf/eggroll.properties
[INFO ][2022-07-15 10:04:07,852][Thread-705,pid:21,tid:139914532353792][session.py:212.__init__] - session init finished: 202207151001464747760_homo_nn_0_0_host_10000_clean, details: <ErSessionMeta(id=202207151001464747760_homo_nn_0_0_host_10000_clean, name=, status=ACTIVE, tag=, processors=[***, len=1], options=[{'eggroll.session.deploy.mode': 'cluster', 'eggroll.session.processors.per.node': '1', 'eggroll.rollpair.inmemory_output': 'True'}]) at 0x7f4009f17da0>
[INFO ][2022-07-15 10:04:07,852][Thread-705,pid:21,tid:139914532353792][gc_utils.py:26.__init__] - global GC enabled. starting GC thread
[INFO ][2022-07-15 10:04:07,898][Thread-705,pid:21,tid:139914532353792][session.py:374.stop] - stopping session (gracefully): 202207151001464747760_homo_nn_0_0_host_10000_clean
[INFO ][2022-07-15 10:04:07,898][Thread-705,pid:21,tid:139914532353792][gc_utils.py:32.stop] - GC: gc_util.stop called
[INFO ][2022-07-15 10:04:08,353][Thread-706,pid:21,tid:139914482210560][gc_utils.py:52.run] - GC should_stop=True, stopping GC thread
[INFO ][2022-07-15 10:04:08,788][Thread-705,pid:21,tid:139914532353792][session.py:374.stop] - stopping session (gracefully): 202207151001464747760_homo_nn_0_0_host_10000_clean
[INFO ][2022-07-15 10:04:08,788][Thread-705,pid:21,tid:139914532353792][gc_utils.py:32.stop] - GC: gc_util.stop called
[INFO ][2022-07-15 10:04:10,510][MainThread,pid:4575,tid:140266567481152][session.py:74.__init__] - static conf path: /data/projects/fate/eggroll/conf/eggroll.properties
[INFO ][2022-07-15 10:04:10,526][MainThread,pid:4575,tid:140266567481152][session.py:212.__init__] - session init finished: 202207151001464747760_homo_nn_0_0_arbiter_10000, details: <ErSessionMeta(id=202207151001464747760_homo_nn_0_0_arbiter_10000, name=, status=ACTIVE, tag=, processors=[***, len=1], options=[{'python.path': '/data/projects/fate/fate/python:/opt/rh/rh-nodejs10/root/usr/lib/python2.7/site-packages::/data/projects/fate/fate/python:/data/projects/fate/eggroll/python:/data/projects/fate/fateflow/python:/data/projects/fate/fate/python/fate_client', 'python.venv': '/opt/app-root', 'eggroll.session.processors.per.node': '1', 'eggroll.rollpair.inmemory_output': 'True', 'eggroll.session.deploy.mode': 'cluster'}]) at 0x7f9240a6ad30>
[INFO ][2022-07-15 10:04:10,526][MainThread,pid:4575,tid:140266567481152][gc_utils.py:26.__init__] - global GC enabled. starting GC thread
[INFO ][2022-07-15 10:04:10,541][MainThread,pid:4575,tid:140266567481152][session.py:374.stop] - stopping session (gracefully): 202207151001464747760_homo_nn_0_0_arbiter_10000
[INFO ][2022-07-15 10:04:10,543][MainThread,pid:4575,tid:140266567481152][gc_utils.py:32.stop] - GC: gc_util.stop called
[INFO ][2022-07-15 10:04:10,910][MainThread,pid:4575,tid:140266567481152][session.py:374.stop] - stopping session (gracefully): 202207151001464747760_homo_nn_0_0_arbiter_10000
[INFO ][2022-07-15 10:04:10,910][MainThread,pid:4575,tid:140266567481152][gc_utils.py:32.stop] - GC: gc_util.stop called
[INFO ][2022-07-15 10:04:15,914][MainThread,pid:4595,tid:140384486348608][session.py:74.__init__] - static conf path: /data/projects/fate/eggroll/conf/eggroll.properties
[INFO ][2022-07-15 10:04:15,929][MainThread,pid:4595,tid:140384486348608][session.py:212.__init__] - session init finished: 202207151001464747760_homo_nn_0_0_host_10000, details: <ErSessionMeta(id=202207151001464747760_homo_nn_0_0_host_10000, name=, status=ACTIVE, tag=, processors=[***, len=4], options=[{'python.path': '/data/projects/fate/fate/python:/opt/rh/rh-nodejs10/root/usr/lib/python2.7/site-packages::/data/projects/fate/fate/python:/data/projects/fate/eggroll/python:/data/projects/fate/fateflow/python:/data/projects/fate/fate/python/fate_client', 'eggroll.rollpair.inmemory_output': 'True', 'eggroll.session.deploy.mode': 'cluster', 'eggroll.session.processors.per.node': '4', 'python.venv': '/opt/app-root'}]) at 0x7fadb529cd30>
[INFO ][2022-07-15 10:04:15,929][MainThread,pid:4595,tid:140384486348608][gc_utils.py:26.__init__] - global GC enabled. starting GC thread
[INFO ][2022-07-15 10:04:15,949][MainThread,pid:4595,tid:140384486348608][session.py:374.stop] - stopping session (gracefully): 202207151001464747760_homo_nn_0_0_host_10000
[INFO ][2022-07-15 10:04:15,950][MainThread,pid:4595,tid:140384486348608][gc_utils.py:32.stop] - GC: gc_util.stop called
[INFO ][2022-07-15 10:04:16,429][Thread-1,pid:4595,tid:140383950464768][gc_utils.py:52.run] - GC should_stop=True, stopping GC thread
[INFO ][2022-07-15 10:04:16,887][MainThread,pid:4595,tid:140384486348608][session.py:374.stop] - stopping session (gracefully): 202207151001464747760_homo_nn_0_0_host_10000
[INFO ][2022-07-15 10:04:16,887][MainThread,pid:4595,tid:140384486348608][gc_utils.py:32.stop] - GC: gc_util.stop called
[INFO ][2022-07-15 10:06:37,391][MainThread,pid:4852,tid:140552613295936][session.py:74.__init__] - static conf path: /data/projects/fate/eggroll/conf/eggroll.properties
[INFO ][2022-07-15 10:06:38,950][MainThread,pid:4852,tid:140552613295936][session.py:212.__init__] - session init finished: 202207151006305793390_reader_0_0_host_10000, details: <ErSessionMeta(id=202207151006305793390_reader_0_0_host_10000, name=, status=ACTIVE, tag=, processors=[***, len=4], options=[{'eggroll.session.deploy.mode': 'cluster', 'python.path': '/data/projects/fate/fateflow/python:/opt/rh/rh-nodejs10/root/usr/lib/python2.7/site-packages::/data/projects/fate/fate/python:/data/projects/fate/eggroll/python:/data/projects/fate/fateflow/python:/data/projects/fate/fate/python/fate_client', 'eggroll.rollpair.inmemory_output': 'True', 'python.venv': '/opt/app-root', 'eggroll.session.processors.per.node': '4'}]) at 0x7fd4d98e2198>
[INFO ][2022-07-15 10:06:38,950][MainThread,pid:4852,tid:140552613295936][gc_utils.py:26.__init__] - global GC enabled. starting GC thread
[INFO ][2022-07-15 10:06:39,038][MainThread,pid:4852,tid:140552613295936][roll_site.py:130.__init__] - inited RollSiteContext: {'roll_site_session_id': '202207151006305793390_reader_0_0', 'rp_ctx': <eggroll.roll_pair.roll_pair.RollPairContext object at 0x7fd4d98d3fd0>, 'push_session_enabled': False, '_push_session': None, '_push_rp_ctx': None, 'role': 'host', 'party_id': '10000', '_options': {'self_role': 'host', 'self_party_id': '10000', 'proxy_endpoint': 'rollsite:9370'}, '_registered_comm_types': {'grpc': <class 'eggroll.roll_site.roll_site.RollSiteGrpc'>}, 'proxy_endpoint': <ErEndpoint(host=rollsite, port=9370) at 0x7fd4d98f24e0>, 'is_standalone': False, 'pushing_latch': <eggroll.roll_site.roll_site.CountDownLatch object at 0x7fd4d98f2278>, '_wait_push_exit_timeout': 600}
[INFO ][2022-07-15 10:06:39,060][MainThread,pid:4852,tid:140552613295936][session.py:74.__init__] - static conf path: /data/projects/fate/eggroll/conf/eggroll.properties
[INFO ][2022-07-15 10:06:41,366][MainThread,pid:4852,tid:140552613295936][session.py:212.__init__] - session init finished: 202207151006305793390_reader_0_0_host_10000_storage_d1527170-0425-11ed-a8c1-0242c0a70064, details: <ErSessionMeta(id=202207151006305793390_reader_0_0_host_10000_storage_d1527170-0425-11ed-a8c1-0242c0a70064, name=, status=ACTIVE, tag=, processors=[***, len=4], options=[{'eggroll.session.deploy.mode': 'cluster'}]) at 0x7fd4d8642940>
[INFO ][2022-07-15 10:06:41,366][MainThread,pid:4852,tid:140552613295936][gc_utils.py:26.__init__] - global GC enabled. starting GC thread
[INFO ][2022-07-15 10:06:57,669][Thread-814,pid:21,tid:139912712021760][session.py:74.__init__] - static conf path: /data/projects/fate/eggroll/conf/eggroll.properties
[INFO ][2022-07-15 10:06:59,321][Thread-814,pid:21,tid:139912712021760][session.py:212.__init__] - session init finished: 202207151006305793390_reader_0_0_host_10000_clean, details: <ErSessionMeta(id=202207151006305793390_reader_0_0_host_10000_clean, name=, status=ACTIVE, tag=, processors=[***, len=1], options=[{'eggroll.session.deploy.mode': 'cluster', 'eggroll.rollpair.inmemory_output': 'True', 'eggroll.session.processors.per.node': '1'}]) at 0x7f4009ed6780>
[INFO ][2022-07-15 10:06:59,321][Thread-814,pid:21,tid:139912712021760][gc_utils.py:26.__init__] - global GC enabled. starting GC thread
[INFO ][2022-07-15 10:06:59,397][Thread-814,pid:21,tid:139912712021760][session.py:374.stop] - stopping session (gracefully): 202207151006305793390_reader_0_0_host_10000_clean
[INFO ][2022-07-15 10:06:59,397][Thread-814,pid:21,tid:139912712021760][gc_utils.py:32.stop] - GC: gc_util.stop called
[INFO ][2022-07-15 10:06:59,822][Thread-815,pid:21,tid:139913055958784][gc_utils.py:52.run] - GC should_stop=True, stopping GC thread
[INFO ][2022-07-15 10:07:00,345][Thread-814,pid:21,tid:139912712021760][session.py:374.stop] - stopping session (gracefully): 202207151006305793390_reader_0_0_host_10000_clean
[INFO ][2022-07-15 10:07:00,355][Thread-814,pid:21,tid:139912712021760][gc_utils.py:32.stop] - GC: gc_util.stop called
[INFO ][2022-07-15 10:07:08,231][MainThread,pid:5008,tid:140334703748928][session.py:74.__init__] - static conf path: /data/projects/fate/eggroll/conf/eggroll.properties
[INFO ][2022-07-15 10:07:08,308][MainThread,pid:5008,tid:140334703748928][session.py:212.__init__] - session init finished: 202207151006305793390_reader_0_0_host_10000, details: <ErSessionMeta(id=202207151006305793390_reader_0_0_host_10000, name=, status=ACTIVE, tag=, processors=[***, len=4], options=[{'python.venv': '/opt/app-root', 'eggroll.session.deploy.mode': 'cluster', 'eggroll.session.processors.per.node': '4', 'eggroll.rollpair.inmemory_output': 'True', 'python.path': '/data/projects/fate/fateflow/python:/opt/rh/rh-nodejs10/root/usr/lib/python2.7/site-packages::/data/projects/fate/fate/python:/data/projects/fate/eggroll/python:/data/projects/fate/fateflow/python:/data/projects/fate/fate/python/fate_client'}]) at 0x7fa21de39d68>
[INFO ][2022-07-15 10:07:08,309][MainThread,pid:5008,tid:140334703748928][gc_utils.py:26.__init__] - global GC enabled. starting GC thread
[INFO ][2022-07-15 10:07:08,365][MainThread,pid:5008,tid:140334703748928][session.py:74.__init__] - static conf path: /data/projects/fate/eggroll/conf/eggroll.properties
[INFO ][2022-07-15 10:07:08,373][MainThread,pid:5008,tid:140334703748928][session.py:212.__init__] - session init finished: 202207151006305793390_reader_0_0_host_10000_storage_d1527170-0425-11ed-a8c1-0242c0a70064, details: <ErSessionMeta(id=202207151006305793390_reader_0_0_host_10000_storage_d1527170-0425-11ed-a8c1-0242c0a70064, name=, status=ACTIVE, tag=, processors=[***, len=4], options=[{'eggroll.session.deploy.mode': 'cluster'}]) at 0x7fa21c5ef240>
[INFO ][2022-07-15 10:07:08,373][MainThread,pid:5008,tid:140334703748928][gc_utils.py:26.__init__] - global GC enabled. starting GC thread
[INFO ][2022-07-15 10:07:08,402][MainThread,pid:5008,tid:140334703748928][session.py:374.stop] - stopping session (gracefully): 202207151006305793390_reader_0_0_host_10000_storage_d1527170-0425-11ed-a8c1-0242c0a70064
[INFO ][2022-07-15 10:07:08,404][MainThread,pid:5008,tid:140334703748928][gc_utils.py:32.stop] - GC: gc_util.stop called
[INFO ][2022-07-15 10:07:08,874][Thread-2,pid:5008,tid:140334013077248][gc_utils.py:52.run] - GC should_stop=True, stopping GC thread
[INFO ][2022-07-15 10:07:09,448][MainThread,pid:5008,tid:140334703748928][session.py:374.stop] - stopping session (gracefully): 202207151006305793390_reader_0_0_host_10000
[INFO ][2022-07-15 10:07:09,451][MainThread,pid:5008,tid:140334703748928][gc_utils.py:32.stop] - GC: gc_util.stop called
[INFO ][2022-07-15 10:07:09,812][Thread-1,pid:5008,tid:140334029862656][gc_utils.py:52.run] - GC should_stop=True, stopping GC thread
[INFO ][2022-07-15 10:07:10,073][MainThread,pid:5008,tid:140334703748928][session.py:374.stop] - stopping session (gracefully): 202207151006305793390_reader_0_0_host_10000_storage_d1527170-0425-11ed-a8c1-0242c0a70064
[INFO ][2022-07-15 10:07:10,074][MainThread,pid:5008,tid:140334703748928][gc_utils.py:32.stop] - GC: gc_util.stop called
[INFO ][2022-07-15 10:07:10,084][MainThread,pid:5008,tid:140334703748928][session.py:374.stop] - stopping session (gracefully): 202207151006305793390_reader_0_0_host_10000
[INFO ][2022-07-15 10:07:10,084][MainThread,pid:5008,tid:140334703748928][gc_utils.py:32.stop] - GC: gc_util.stop called
[INFO ][2022-07-15 10:07:14,311][MainThread,pid:5037,tid:140674592954176][session.py:74.__init__] - static conf path: /data/projects/fate/eggroll/conf/eggroll.properties
[INFO ][2022-07-15 10:07:15,744][MainThread,pid:5037,tid:140674592954176][session.py:212.__init__] - session init finished: 202207151006305793390_dataio_0_0_host_10000, details: <ErSessionMeta(id=202207151006305793390_dataio_0_0_host_10000, name=, status=ACTIVE, tag=, processors=[***, len=4], options=[{'eggroll.session.processors.per.node': '4', 'eggroll.rollpair.inmemory_output': 'True', 'python.path': '/data/projects/fate/fate/python:/opt/rh/rh-nodejs10/root/usr/lib/python2.7/site-packages::/data/projects/fate/fate/python:/data/projects/fate/eggroll/python:/data/projects/fate/fateflow/python:/data/projects/fate/fate/python/fate_client', 'eggroll.session.deploy.mode': 'cluster', 'python.venv': '/opt/app-root'}]) at 0x7ff1400cf4e0>
[INFO ][2022-07-15 10:07:15,744][MainThread,pid:5037,tid:140674592954176][gc_utils.py:26.__init__] - global GC enabled. starting GC thread
[INFO ][2022-07-15 10:07:15,818][MainThread,pid:5037,tid:140674592954176][roll_site.py:130.__init__] - inited RollSiteContext: {'roll_site_session_id': '202207151006305793390_dataio_0_0', 'rp_ctx': <eggroll.roll_pair.roll_pair.RollPairContext object at 0x7ff140388898>, 'push_session_enabled': False, '_push_session': None, '_push_rp_ctx': None, 'role': 'host', 'party_id': '10000', '_options': {'self_role': 'host', 'self_party_id': '10000', 'proxy_endpoint': 'rollsite:9370'}, '_registered_comm_types': {'grpc': <class 'eggroll.roll_site.roll_site.RollSiteGrpc'>}, 'proxy_endpoint': <ErEndpoint(host=rollsite, port=9370) at 0x7ff1400de128>, 'is_standalone': False, 'pushing_latch': <eggroll.roll_site.roll_site.CountDownLatch object at 0x7ff1400de320>, '_wait_push_exit_timeout': 600}
[INFO ][2022-07-15 10:07:16,360][MainThread,pid:5037,tid:140674592954176][transfer_pair.py:113.__init__] - transfer pair _executor_pool max_workers=5000
[INFO ][2022-07-15 10:08:16,455][Thread-866,pid:21,tid:139912712021760][session.py:74.__init__] - static conf path: /data/projects/fate/eggroll/conf/eggroll.properties
[INFO ][2022-07-15 10:08:18,207][Thread-866,pid:21,tid:139912712021760][session.py:212.__init__] - session init finished: 202207151006305793390_dataio_0_0_host_10000_clean, details: <ErSessionMeta(id=202207151006305793390_dataio_0_0_host_10000_clean, name=, status=ACTIVE, tag=, processors=[***, len=1], options=[{'eggroll.session.deploy.mode': 'cluster', 'eggroll.rollpair.inmemory_output': 'True', 'eggroll.session.processors.per.node': '1'}]) at 0x7f4009c93c50>
[INFO ][2022-07-15 10:08:18,208][Thread-866,pid:21,tid:139912712021760][gc_utils.py:26.__init__] - global GC enabled. starting GC thread
[INFO ][2022-07-15 10:08:18,276][Thread-866,pid:21,tid:139912712021760][session.py:374.stop] - stopping session (gracefully): 202207151006305793390_dataio_0_0_host_10000_clean
[INFO ][2022-07-15 10:08:18,277][Thread-866,pid:21,tid:139912712021760][gc_utils.py:32.stop] - GC: gc_util.stop called
[INFO ][2022-07-15 10:08:18,709][Thread-867,pid:21,tid:139912720414464][gc_utils.py:52.run] - GC should_stop=True, stopping GC thread
[INFO ][2022-07-15 10:08:19,287][Thread-866,pid:21,tid:139912712021760][session.py:374.stop] - stopping session (gracefully): 202207151006305793390_dataio_0_0_host_10000_clean
[INFO ][2022-07-15 10:08:19,287][Thread-866,pid:21,tid:139912712021760][gc_utils.py:32.stop] - GC: gc_util.stop called
[INFO ][2022-07-15 10:08:25,750][MainThread,pid:5246,tid:140130381109056][session.py:74.__init__] - static conf path: /data/projects/fate/eggroll/conf/eggroll.properties
[INFO ][2022-07-15 10:08:25,778][MainThread,pid:5246,tid:140130381109056][session.py:212.__init__] - session init finished: 202207151006305793390_dataio_0_0_host_10000, details: <ErSessionMeta(id=202207151006305793390_dataio_0_0_host_10000, name=, status=ACTIVE, tag=, processors=[***, len=4], options=[{'eggroll.session.deploy.mode': 'cluster', 'eggroll.rollpair.inmemory_output': 'True', 'python.path': '/data/projects/fate/fate/python:/opt/rh/rh-nodejs10/root/usr/lib/python2.7/site-packages::/data/projects/fate/fate/python:/data/projects/fate/eggroll/python:/data/projects/fate/fateflow/python:/data/projects/fate/fate/python/fate_client', 'eggroll.session.processors.per.node': '4', 'python.venv': '/opt/app-root'}]) at 0x7f728b4f8cc0>
[INFO ][2022-07-15 10:08:25,778][MainThread,pid:5246,tid:140130381109056][gc_utils.py:26.__init__] - global GC enabled. starting GC thread
[INFO ][2022-07-15 10:08:25,807][MainThread,pid:5246,tid:140130381109056][session.py:374.stop] - stopping session (gracefully): 202207151006305793390_dataio_0_0_host_10000
[INFO ][2022-07-15 10:08:25,809][MainThread,pid:5246,tid:140130381109056][gc_utils.py:32.stop] - GC: gc_util.stop called
[INFO ][2022-07-15 10:08:26,279][Thread-1,pid:5246,tid:140129914758912][gc_utils.py:52.run] - GC should_stop=True, stopping GC thread
[INFO ][2022-07-15 10:08:26,975][MainThread,pid:5246,tid:140130381109056][session.py:374.stop] - stopping session (gracefully): 202207151006305793390_dataio_0_0_host_10000
[INFO ][2022-07-15 10:08:26,976][MainThread,pid:5246,tid:140130381109056][gc_utils.py:32.stop] - GC: gc_util.stop called
[INFO ][2022-07-15 10:08:31,210][MainThread,pid:5313,tid:140694598547264][session.py:74.__init__] - static conf path: /data/projects/fate/eggroll/conf/eggroll.properties
[INFO ][2022-07-15 10:08:31,377][MainThread,pid:5316,tid:140283219830592][session.py:74.__init__] - static conf path: /data/projects/fate/eggroll/conf/eggroll.properties
[INFO ][2022-07-15 10:08:32,701][MainThread,pid:5313,tid:140694598547264][session.py:212.__init__] - session init finished: 202207151006305793390_homo_nn_0_0_arbiter_10000, details: <ErSessionMeta(id=202207151006305793390_homo_nn_0_0_arbiter_10000, name=, status=ACTIVE, tag=, processors=[***, len=1], options=[{'eggroll.session.deploy.mode': 'cluster', 'eggroll.rollpair.inmemory_output': 'True', 'python.path': '/data/projects/fate/fate/python:/opt/rh/rh-nodejs10/root/usr/lib/python2.7/site-packages::/data/projects/fate/fate/python:/data/projects/fate/eggroll/python:/data/projects/fate/fateflow/python:/data/projects/fate/fate/python/fate_client', 'eggroll.session.processors.per.node': '1', 'python.venv': '/opt/app-root'}]) at 0x7ff5e50ebd68>
[INFO ][2022-07-15 10:08:32,701][MainThread,pid:5313,tid:140694598547264][gc_utils.py:26.__init__] - global GC enabled. starting GC thread
[INFO ][2022-07-15 10:08:32,802][MainThread,pid:5313,tid:140694598547264][roll_site.py:130.__init__] - inited RollSiteContext: {'roll_site_session_id': '202207151006305793390_homo_nn_0_0', 'rp_ctx': <eggroll.roll_pair.roll_pair.RollPairContext object at 0x7ff5e540ce48>, 'push_session_enabled': False, '_push_session': None, '_push_rp_ctx': None, 'role': 'arbiter', 'party_id': '10000', '_options': {'self_role': 'arbiter', 'self_party_id': '10000', 'proxy_endpoint': 'rollsite:9370'}, '_registered_comm_types': {'grpc': <class 'eggroll.roll_site.roll_site.RollSiteGrpc'>}, 'proxy_endpoint': <ErEndpoint(host=rollsite, port=9370) at 0x7ff5e50fe588>, 'is_standalone': False, 'pushing_latch': <eggroll.roll_site.roll_site.CountDownLatch object at 0x7ff5e50fe7b8>, '_wait_push_exit_timeout': 600}
[INFO ][2022-07-15 10:08:32,968][MainThread,pid:5316,tid:140283219830592][session.py:212.__init__] - session init finished: 202207151006305793390_homo_nn_0_0_host_10000, details: <ErSessionMeta(id=202207151006305793390_homo_nn_0_0_host_10000, name=, status=ACTIVE, tag=, processors=[***, len=4], options=[{'eggroll.session.processors.per.node': '4', 'python.path': '/data/projects/fate/fate/python:/opt/rh/rh-nodejs10/root/usr/lib/python2.7/site-packages::/data/projects/fate/fate/python:/data/projects/fate/eggroll/python:/data/projects/fate/fateflow/python:/data/projects/fate/fate/python/fate_client', 'eggroll.session.deploy.mode': 'cluster', 'python.venv': '/opt/app-root', 'eggroll.rollpair.inmemory_output': 'True'}]) at 0x7f961cf9af28>
[INFO ][2022-07-15 10:08:32,968][MainThread,pid:5316,tid:140283219830592][gc_utils.py:26.__init__] - global GC enabled. starting GC thread
[INFO ][2022-07-15 10:08:33,044][MainThread,pid:5316,tid:140283219830592][roll_site.py:130.__init__] - inited RollSiteContext: {'roll_site_session_id': '202207151006305793390_homo_nn_0_0', 'rp_ctx': <eggroll.roll_pair.roll_pair.RollPairContext object at 0x7f961d25c320>, 'push_session_enabled': False, '_push_session': None, '_push_rp_ctx': None, 'role': 'host', 'party_id': '10000', '_options': {'self_role': 'host', 'self_party_id': '10000', 'proxy_endpoint': 'rollsite:9370'}, '_registered_comm_types': {'grpc': <class 'eggroll.roll_site.roll_site.RollSiteGrpc'>}, 'proxy_endpoint': <ErEndpoint(host=rollsite, port=9370) at 0x7f961cfb8080>, 'is_standalone': False, 'pushing_latch': <eggroll.roll_site.roll_site.CountDownLatch object at 0x7f961cfb8240>, '_wait_push_exit_timeout': 600}
[INFO ][2022-07-15 10:08:38,301][Thread-895,pid:21,tid:139912712021760][session.py:74.__init__] - static conf path: /data/projects/fate/eggroll/conf/eggroll.properties
[INFO ][2022-07-15 10:08:39,811][Thread-895,pid:21,tid:139912712021760][session.py:212.__init__] - session init finished: 202207151006305793390_homo_nn_0_0_arbiter_10000_clean, details: <ErSessionMeta(id=202207151006305793390_homo_nn_0_0_arbiter_10000_clean, name=, status=ACTIVE, tag=, processors=[***, len=1], options=[{'eggroll.rollpair.inmemory_output': 'True', 'eggroll.session.processors.per.node': '1', 'eggroll.session.deploy.mode': 'cluster'}]) at 0x7f4082a1e358>
[INFO ][2022-07-15 10:08:39,811][Thread-895,pid:21,tid:139912712021760][gc_utils.py:26.__init__] - global GC enabled. starting GC thread
[INFO ][2022-07-15 10:08:39,876][Thread-895,pid:21,tid:139912712021760][session.py:374.stop] - stopping session (gracefully): 202207151006305793390_homo_nn_0_0_arbiter_10000_clean
[INFO ][2022-07-15 10:08:39,876][Thread-895,pid:21,tid:139912712021760][gc_utils.py:32.stop] - GC: gc_util.stop called
[INFO ][2022-07-15 10:08:40,312][Thread-896,pid:21,tid:139914523961088][gc_utils.py:52.run] - GC should_stop=True, stopping GC thread
[INFO ][2022-07-15 10:08:40,862][Thread-895,pid:21,tid:139912712021760][session.py:374.stop] - stopping session (gracefully): 202207151006305793390_homo_nn_0_0_arbiter_10000_clean
[INFO ][2022-07-15 10:08:40,863][Thread-895,pid:21,tid:139912712021760][gc_utils.py:32.stop] - GC: gc_util.stop called
[INFO ][2022-07-15 10:08:47,274][Thread-897,pid:21,tid:139912712021760][session.py:74.__init__] - static conf path: /data/projects/fate/eggroll/conf/eggroll.properties
[INFO ][2022-07-15 10:08:48,139][Thread-897,pid:21,tid:139912712021760][session.py:212.__init__] - session init finished: 202207151006305793390_homo_nn_0_0_host_10000_clean, details: <ErSessionMeta(id=202207151006305793390_homo_nn_0_0_host_10000_clean, name=, status=ACTIVE, tag=, processors=[***, len=1], options=[{'eggroll.session.processors.per.node': '1', 'eggroll.rollpair.inmemory_output': 'True', 'eggroll.session.deploy.mode': 'cluster'}]) at 0x7f4009c4e128>
[INFO ][2022-07-15 10:08:48,140][Thread-897,pid:21,tid:139912712021760][gc_utils.py:26.__init__] - global GC enabled. starting GC thread
[INFO ][2022-07-15 10:08:48,184][Thread-897,pid:21,tid:139912712021760][session.py:374.stop] - stopping session (gracefully): 202207151006305793390_homo_nn_0_0_host_10000_clean
[INFO ][2022-07-15 10:08:48,184][Thread-897,pid:21,tid:139912712021760][gc_utils.py:32.stop] - GC: gc_util.stop called
[INFO ][2022-07-15 10:08:48,641][Thread-898,pid:21,tid:139914523961088][gc_utils.py:52.run] - GC should_stop=True, stopping GC thread
[INFO ][2022-07-15 10:08:49,091][Thread-897,pid:21,tid:139912712021760][session.py:374.stop] - stopping session (gracefully): 202207151006305793390_homo_nn_0_0_host_10000_clean
[INFO ][2022-07-15 10:08:49,091][Thread-897,pid:21,tid:139912712021760][gc_utils.py:32.stop] - GC: gc_util.stop called
[INFO ][2022-07-15 10:08:50,804][MainThread,pid:5376,tid:140356619212608][session.py:74.__init__] - static conf path: /data/projects/fate/eggroll/conf/eggroll.properties
[INFO ][2022-07-15 10:08:50,822][MainThread,pid:5376,tid:140356619212608][session.py:212.__init__] - session init finished: 202207151006305793390_homo_nn_0_0_arbiter_10000, details: <ErSessionMeta(id=202207151006305793390_homo_nn_0_0_arbiter_10000, name=, status=ACTIVE, tag=, processors=[***, len=1], options=[{'python.venv': '/opt/app-root', 'python.path': '/data/projects/fate/fate/python:/opt/rh/rh-nodejs10/root/usr/lib/python2.7/site-packages::/data/projects/fate/fate/python:/data/projects/fate/eggroll/python:/data/projects/fate/fateflow/python:/data/projects/fate/fate/python/fate_client', 'eggroll.rollpair.inmemory_output': 'True', 'eggroll.session.processors.per.node': '1', 'eggroll.session.deploy.mode': 'cluster'}]) at 0x7fa738270d30>
[INFO ][2022-07-15 10:08:50,822][MainThread,pid:5376,tid:140356619212608][gc_utils.py:26.__init__] - global GC enabled. starting GC thread
[INFO ][2022-07-15 10:08:50,837][MainThread,pid:5376,tid:140356619212608][session.py:374.stop] - stopping session (gracefully): 202207151006305793390_homo_nn_0_0_arbiter_10000
[INFO ][2022-07-15 10:08:50,839][MainThread,pid:5376,tid:140356619212608][gc_utils.py:32.stop] - GC: gc_util.stop called
[INFO ][2022-07-15 10:08:51,323][Thread-1,pid:5376,tid:140356152928000][gc_utils.py:52.run] - GC should_stop=True, stopping GC thread
[INFO ][2022-07-15 10:08:51,826][MainThread,pid:5376,tid:140356619212608][session.py:374.stop] - stopping session (gracefully): 202207151006305793390_homo_nn_0_0_arbiter_10000
[INFO ][2022-07-15 10:08:51,826][MainThread,pid:5376,tid:140356619212608][gc_utils.py:32.stop] - GC: gc_util.stop called
[INFO ][2022-07-15 10:08:59,630][MainThread,pid:5441,tid:140136190629696][session.py:74.__init__] - static conf path: /data/projects/fate/eggroll/conf/eggroll.properties
[INFO ][2022-07-15 10:08:59,644][MainThread,pid:5441,tid:140136190629696][session.py:212.__init__] - session init finished: 202207151006305793390_homo_nn_0_0_host_10000, details: <ErSessionMeta(id=202207151006305793390_homo_nn_0_0_host_10000, name=, status=ACTIVE, tag=, processors=[***, len=4], options=[{'eggroll.session.processors.per.node': '4', 'eggroll.rollpair.inmemory_output': 'True', 'eggroll.session.deploy.mode': 'cluster', 'python.venv': '/opt/app-root', 'python.path': '/data/projects/fate/fate/python:/opt/rh/rh-nodejs10/root/usr/lib/python2.7/site-packages::/data/projects/fate/fate/python:/data/projects/fate/eggroll/python:/data/projects/fate/fateflow/python:/data/projects/fate/fate/python/fate_client'}]) at 0x7f73e595cd30>
[INFO ][2022-07-15 10:08:59,644][MainThread,pid:5441,tid:140136190629696][gc_utils.py:26.__init__] - global GC enabled. starting GC thread
[INFO ][2022-07-15 10:08:59,664][MainThread,pid:5441,tid:140136190629696][session.py:374.stop] - stopping session (gracefully): 202207151006305793390_homo_nn_0_0_host_10000
[INFO ][2022-07-15 10:08:59,665][MainThread,pid:5441,tid:140136190629696][gc_utils.py:32.stop] - GC: gc_util.stop called
[INFO ][2022-07-15 10:09:00,066][MainThread,pid:5441,tid:140136190629696][session.py:374.stop] - stopping session (gracefully): 202207151006305793390_homo_nn_0_0_host_10000
[INFO ][2022-07-15 10:09:00,066][MainThread,pid:5441,tid:140136190629696][gc_utils.py:32.stop] - GC: gc_util.stop called
