[INFO ][2022-07-15 08:14:21,929][MainThread,pid:1145,tid:140599263344448][session.py:74.__init__] - static conf path: /data/projects/fate/eggroll/conf/eggroll.properties
[INFO ][2022-07-15 08:14:37,826][MainThread,pid:1145,tid:140599263344448][session.py:212.__init__] - session init finished: 202207150814050124620_upload_0_0_local_0, details: <ErSessionMeta(id=202207150814050124620_upload_0_0_local_0, name=, status=ACTIVE, tag=, processors=[***, len=4], options=[{'eggroll.rollpair.inmemory_output': 'True', 'eggroll.session.processors.per.node': '4', 'python.venv': '/opt/app-root', 'python.path': '/data/projects/fate/fateflow/python:/opt/rh/rh-nodejs10/root/usr/lib/python2.7/site-packages::/data/projects/fate/fate/python:/data/projects/fate/eggroll/python:/data/projects/fate/fateflow/python:/data/projects/fate/fate/python/fate_client', 'eggroll.session.deploy.mode': 'cluster'}]) at 0x7fdfb67aee48>
[INFO ][2022-07-15 08:14:37,827][MainThread,pid:1145,tid:140599263344448][gc_utils.py:26.__init__] - global GC enabled. starting GC thread
[INFO ][2022-07-15 08:14:38,015][MainThread,pid:1145,tid:140599263344448][session.py:74.__init__] - static conf path: /data/projects/fate/eggroll/conf/eggroll.properties
[INFO ][2022-07-15 08:14:44,011][MainThread,pid:1145,tid:140599263344448][session.py:212.__init__] - session init finished: 202207150814050124620_upload_0_0_local_0_storage_2b433a9e-0416-11ed-8d30-0242c0a70064, details: <ErSessionMeta(id=202207150814050124620_upload_0_0_local_0_storage_2b433a9e-0416-11ed-8d30-0242c0a70064, name=, status=ACTIVE, tag=, processors=[***, len=4], options=[{'eggroll.session.deploy.mode': 'cluster'}]) at 0x7fdfbfe4c6a0>
[INFO ][2022-07-15 08:14:44,012][MainThread,pid:1145,tid:140599263344448][gc_utils.py:26.__init__] - global GC enabled. starting GC thread
[INFO ][2022-07-15 08:15:03,002][MainThread,pid:1145,tid:140599263344448][transfer_pair.py:113.__init__] - transfer pair _executor_pool max_workers=5000
[INFO ][2022-07-15 08:15:14,716][Thread-437,pid:20,tid:140563701540608][session.py:74.__init__] - static conf path: /data/projects/fate/eggroll/conf/eggroll.properties
[INFO ][2022-07-15 08:15:16,592][Thread-437,pid:20,tid:140563701540608][session.py:212.__init__] - session init finished: 202207150814050124620_upload_0_0_local_0_clean, details: <ErSessionMeta(id=202207150814050124620_upload_0_0_local_0_clean, name=, status=ACTIVE, tag=, processors=[***, len=1], options=[{'eggroll.session.processors.per.node': '1', 'eggroll.rollpair.inmemory_output': 'True', 'eggroll.session.deploy.mode': 'cluster'}]) at 0x7fd76737db00>
[INFO ][2022-07-15 08:15:16,592][Thread-437,pid:20,tid:140563701540608][gc_utils.py:26.__init__] - global GC enabled. starting GC thread
[INFO ][2022-07-15 08:15:16,820][Thread-437,pid:20,tid:140563701540608][session.py:374.stop] - stopping session (gracefully): 202207150814050124620_upload_0_0_local_0_clean
[INFO ][2022-07-15 08:15:16,825][Thread-437,pid:20,tid:140563701540608][gc_utils.py:32.stop] - GC: gc_util.stop called
[INFO ][2022-07-15 08:15:17,094][Thread-438,pid:20,tid:140563968874240][gc_utils.py:52.run] - GC should_stop=True, stopping GC thread
[INFO ][2022-07-15 08:15:17,666][Thread-437,pid:20,tid:140563701540608][session.py:374.stop] - stopping session (gracefully): 202207150814050124620_upload_0_0_local_0_clean
[INFO ][2022-07-15 08:15:17,668][Thread-437,pid:20,tid:140563701540608][gc_utils.py:32.stop] - GC: gc_util.stop called
[INFO ][2022-07-15 08:15:23,870][MainThread,pid:1229,tid:140004644599616][session.py:74.__init__] - static conf path: /data/projects/fate/eggroll/conf/eggroll.properties
[INFO ][2022-07-15 08:15:23,919][MainThread,pid:1229,tid:140004644599616][session.py:212.__init__] - session init finished: 202207150814050124620_upload_0_0_local_0, details: <ErSessionMeta(id=202207150814050124620_upload_0_0_local_0, name=, status=ACTIVE, tag=, processors=[***, len=4], options=[{'python.venv': '/opt/app-root', 'eggroll.rollpair.inmemory_output': 'True', 'eggroll.session.deploy.mode': 'cluster', 'eggroll.session.processors.per.node': '4', 'python.path': '/data/projects/fate/fateflow/python:/opt/rh/rh-nodejs10/root/usr/lib/python2.7/site-packages::/data/projects/fate/fate/python:/data/projects/fate/eggroll/python:/data/projects/fate/fateflow/python:/data/projects/fate/fate/python/fate_client'}]) at 0x7f5545484240>
[INFO ][2022-07-15 08:15:23,919][MainThread,pid:1229,tid:140004644599616][gc_utils.py:26.__init__] - global GC enabled. starting GC thread
[INFO ][2022-07-15 08:15:24,025][MainThread,pid:1229,tid:140004644599616][session.py:74.__init__] - static conf path: /data/projects/fate/eggroll/conf/eggroll.properties
[INFO ][2022-07-15 08:15:24,070][MainThread,pid:1229,tid:140004644599616][session.py:212.__init__] - session init finished: 202207150814050124620_upload_0_0_local_0_storage_2b433a9e-0416-11ed-8d30-0242c0a70064, details: <ErSessionMeta(id=202207150814050124620_upload_0_0_local_0_storage_2b433a9e-0416-11ed-8d30-0242c0a70064, name=, status=ACTIVE, tag=, processors=[***, len=4], options=[{'eggroll.session.deploy.mode': 'cluster'}]) at 0x7f55454bb710>
[INFO ][2022-07-15 08:15:24,070][MainThread,pid:1229,tid:140004644599616][gc_utils.py:26.__init__] - global GC enabled. starting GC thread
[INFO ][2022-07-15 08:15:24,185][MainThread,pid:1229,tid:140004644599616][session.py:374.stop] - stopping session (gracefully): 202207150814050124620_upload_0_0_local_0_storage_2b433a9e-0416-11ed-8d30-0242c0a70064
[INFO ][2022-07-15 08:15:24,186][MainThread,pid:1229,tid:140004644599616][gc_utils.py:32.stop] - GC: gc_util.stop called
[INFO ][2022-07-15 08:15:24,578][Thread-2,pid:1229,tid:140004080723712][gc_utils.py:52.run] - GC should_stop=True, stopping GC thread
[INFO ][2022-07-15 08:15:25,326][MainThread,pid:1229,tid:140004644599616][session.py:374.stop] - stopping session (gracefully): 202207150814050124620_upload_0_0_local_0
[INFO ][2022-07-15 08:15:25,327][MainThread,pid:1229,tid:140004644599616][gc_utils.py:32.stop] - GC: gc_util.stop called
[INFO ][2022-07-15 08:15:25,422][Thread-1,pid:1229,tid:140004114294528][gc_utils.py:52.run] - GC should_stop=True, stopping GC thread
[INFO ][2022-07-15 08:15:26,934][MainThread,pid:1229,tid:140004644599616][session.py:374.stop] - stopping session (gracefully): 202207150814050124620_upload_0_0_local_0_storage_2b433a9e-0416-11ed-8d30-0242c0a70064
[INFO ][2022-07-15 08:15:26,935][MainThread,pid:1229,tid:140004644599616][gc_utils.py:32.stop] - GC: gc_util.stop called
[INFO ][2022-07-15 08:15:26,959][MainThread,pid:1229,tid:140004644599616][session.py:374.stop] - stopping session (gracefully): 202207150814050124620_upload_0_0_local_0
[INFO ][2022-07-15 08:15:26,960][MainThread,pid:1229,tid:140004644599616][gc_utils.py:32.stop] - GC: gc_util.stop called
[INFO ][2022-07-15 08:24:15,071][MainThread,pid:1380,tid:139922522425152][session.py:74.__init__] - static conf path: /data/projects/fate/eggroll/conf/eggroll.properties
[INFO ][2022-07-15 08:24:18,614][MainThread,pid:1380,tid:139922522425152][session.py:212.__init__] - session init finished: 202207150823545315890_reader_0_0_guest_9999, details: <ErSessionMeta(id=202207150823545315890_reader_0_0_guest_9999, name=, status=ACTIVE, tag=, processors=[***, len=4], options=[{'eggroll.session.processors.per.node': '4', 'eggroll.rollpair.inmemory_output': 'True', 'python.path': '/data/projects/fate/fateflow/python:/opt/rh/rh-nodejs10/root/usr/lib/python2.7/site-packages::/data/projects/fate/fate/python:/data/projects/fate/eggroll/python:/data/projects/fate/fateflow/python:/data/projects/fate/fate/python/fate_client', 'python.venv': '/opt/app-root', 'eggroll.session.deploy.mode': 'cluster'}]) at 0x7f4218c5f8d0>
[INFO ][2022-07-15 08:24:18,615][MainThread,pid:1380,tid:139922522425152][gc_utils.py:26.__init__] - global GC enabled. starting GC thread
[INFO ][2022-07-15 08:24:19,064][MainThread,pid:1380,tid:139922522425152][roll_site.py:130.__init__] - inited RollSiteContext: {'roll_site_session_id': '202207150823545315890_reader_0_0', 'rp_ctx': <eggroll.roll_pair.roll_pair.RollPairContext object at 0x7f4218f99ba8>, 'push_session_enabled': False, '_push_session': None, '_push_rp_ctx': None, 'role': 'guest', 'party_id': '9999', '_options': {'self_role': 'guest', 'self_party_id': '9999', 'proxy_endpoint': 'rollsite:9370'}, '_registered_comm_types': {'grpc': <class 'eggroll.roll_site.roll_site.RollSiteGrpc'>}, 'proxy_endpoint': <ErEndpoint(host=rollsite, port=9370) at 0x7f4218c6ada0>, 'is_standalone': False, 'pushing_latch': <eggroll.roll_site.roll_site.CountDownLatch object at 0x7f4218c6a6d8>, '_wait_push_exit_timeout': 600}
[INFO ][2022-07-15 08:24:19,146][MainThread,pid:1380,tid:139922522425152][session.py:74.__init__] - static conf path: /data/projects/fate/eggroll/conf/eggroll.properties
[INFO ][2022-07-15 08:24:24,988][MainThread,pid:1380,tid:139922522425152][session.py:212.__init__] - session init finished: 202207150823545315890_reader_0_0_guest_9999_storage_85a38e02-0417-11ed-ae9d-0242c0a70064, details: <ErSessionMeta(id=202207150823545315890_reader_0_0_guest_9999_storage_85a38e02-0417-11ed-ae9d-0242c0a70064, name=, status=ACTIVE, tag=, processors=[***, len=4], options=[{'eggroll.session.deploy.mode': 'cluster'}]) at 0x7f4218cfbb38>
[INFO ][2022-07-15 08:24:24,989][MainThread,pid:1380,tid:139922522425152][gc_utils.py:26.__init__] - global GC enabled. starting GC thread
[INFO ][2022-07-15 08:24:29,332][Thread-502,pid:20,tid:140562426472192][session.py:74.__init__] - static conf path: /data/projects/fate/eggroll/conf/eggroll.properties
[INFO ][2022-07-15 08:24:30,856][Thread-502,pid:20,tid:140562426472192][session.py:212.__init__] - session init finished: 202207150823545315890_reader_0_0_guest_9999_clean, details: <ErSessionMeta(id=202207150823545315890_reader_0_0_guest_9999_clean, name=, status=ACTIVE, tag=, processors=[***, len=1], options=[{'eggroll.session.deploy.mode': 'cluster', 'eggroll.rollpair.inmemory_output': 'True', 'eggroll.session.processors.per.node': '1'}]) at 0x7fd764188320>
[INFO ][2022-07-15 08:24:30,857][Thread-502,pid:20,tid:140562426472192][gc_utils.py:26.__init__] - global GC enabled. starting GC thread
[INFO ][2022-07-15 08:24:30,929][Thread-502,pid:20,tid:140562426472192][session.py:374.stop] - stopping session (gracefully): 202207150823545315890_reader_0_0_guest_9999_clean
[INFO ][2022-07-15 08:24:30,932][Thread-502,pid:20,tid:140562426472192][gc_utils.py:32.stop] - GC: gc_util.stop called
[INFO ][2022-07-15 08:24:31,358][Thread-503,pid:20,tid:140562418079488][gc_utils.py:52.run] - GC should_stop=True, stopping GC thread
[INFO ][2022-07-15 08:24:31,913][Thread-502,pid:20,tid:140562426472192][session.py:374.stop] - stopping session (gracefully): 202207150823545315890_reader_0_0_guest_9999_clean
[INFO ][2022-07-15 08:24:31,914][Thread-502,pid:20,tid:140562426472192][gc_utils.py:32.stop] - GC: gc_util.stop called
[INFO ][2022-07-15 08:24:36,900][MainThread,pid:1481,tid:139700929075008][session.py:74.__init__] - static conf path: /data/projects/fate/eggroll/conf/eggroll.properties
[INFO ][2022-07-15 08:24:36,924][MainThread,pid:1481,tid:139700929075008][session.py:212.__init__] - session init finished: 202207150823545315890_reader_0_0_guest_9999, details: <ErSessionMeta(id=202207150823545315890_reader_0_0_guest_9999, name=, status=ACTIVE, tag=, processors=[***, len=4], options=[{'eggroll.session.deploy.mode': 'cluster', 'eggroll.rollpair.inmemory_output': 'True', 'eggroll.session.processors.per.node': '4', 'python.path': '/data/projects/fate/fateflow/python:/opt/rh/rh-nodejs10/root/usr/lib/python2.7/site-packages::/data/projects/fate/fate/python:/data/projects/fate/eggroll/python:/data/projects/fate/fateflow/python:/data/projects/fate/fate/python/fate_client', 'python.venv': '/opt/app-root'}]) at 0x7f0e81898f98>
[INFO ][2022-07-15 08:24:36,924][MainThread,pid:1481,tid:139700929075008][gc_utils.py:26.__init__] - global GC enabled. starting GC thread
[INFO ][2022-07-15 08:24:36,960][MainThread,pid:1481,tid:139700929075008][session.py:74.__init__] - static conf path: /data/projects/fate/eggroll/conf/eggroll.properties
[INFO ][2022-07-15 08:24:36,973][MainThread,pid:1481,tid:139700929075008][session.py:212.__init__] - session init finished: 202207150823545315890_reader_0_0_guest_9999_storage_85a38e02-0417-11ed-ae9d-0242c0a70064, details: <ErSessionMeta(id=202207150823545315890_reader_0_0_guest_9999_storage_85a38e02-0417-11ed-ae9d-0242c0a70064, name=, status=ACTIVE, tag=, processors=[***, len=4], options=[{'eggroll.session.deploy.mode': 'cluster'}]) at 0x7f0e8005c4a8>
[INFO ][2022-07-15 08:24:36,974][MainThread,pid:1481,tid:139700929075008][gc_utils.py:26.__init__] - global GC enabled. starting GC thread
[INFO ][2022-07-15 08:24:37,019][MainThread,pid:1481,tid:139700929075008][session.py:374.stop] - stopping session (gracefully): 202207150823545315890_reader_0_0_guest_9999_storage_85a38e02-0417-11ed-ae9d-0242c0a70064
[INFO ][2022-07-15 08:24:37,022][MainThread,pid:1481,tid:139700929075008][gc_utils.py:32.stop] - GC: gc_util.stop called
[INFO ][2022-07-15 08:24:37,475][Thread-2,pid:1481,tid:139700150892288][gc_utils.py:52.run] - GC should_stop=True, stopping GC thread
[INFO ][2022-07-15 08:24:38,092][MainThread,pid:1481,tid:139700929075008][session.py:374.stop] - stopping session (gracefully): 202207150823545315890_reader_0_0_guest_9999
[INFO ][2022-07-15 08:24:38,093][MainThread,pid:1481,tid:139700929075008][gc_utils.py:32.stop] - GC: gc_util.stop called
[INFO ][2022-07-15 08:24:38,427][Thread-1,pid:1481,tid:139700186576640][gc_utils.py:52.run] - GC should_stop=True, stopping GC thread
[INFO ][2022-07-15 08:24:38,641][MainThread,pid:1481,tid:139700929075008][session.py:374.stop] - stopping session (gracefully): 202207150823545315890_reader_0_0_guest_9999_storage_85a38e02-0417-11ed-ae9d-0242c0a70064
[INFO ][2022-07-15 08:24:38,642][MainThread,pid:1481,tid:139700929075008][gc_utils.py:32.stop] - GC: gc_util.stop called
[INFO ][2022-07-15 08:24:38,679][MainThread,pid:1481,tid:139700929075008][session.py:374.stop] - stopping session (gracefully): 202207150823545315890_reader_0_0_guest_9999
[INFO ][2022-07-15 08:24:38,680][MainThread,pid:1481,tid:139700929075008][gc_utils.py:32.stop] - GC: gc_util.stop called
[INFO ][2022-07-15 08:24:52,011][MainThread,pid:1506,tid:139631930750784][session.py:74.__init__] - static conf path: /data/projects/fate/eggroll/conf/eggroll.properties
[INFO ][2022-07-15 08:24:59,599][MainThread,pid:1506,tid:139631930750784][session.py:212.__init__] - session init finished: 202207150823545315890_dataio_0_0_guest_9999, details: <ErSessionMeta(id=202207150823545315890_dataio_0_0_guest_9999, name=, status=ACTIVE, tag=, processors=[***, len=4], options=[{'eggroll.rollpair.inmemory_output': 'True', 'python.path': '/data/projects/fate/fate/python:/opt/rh/rh-nodejs10/root/usr/lib/python2.7/site-packages::/data/projects/fate/fate/python:/data/projects/fate/eggroll/python:/data/projects/fate/fateflow/python:/data/projects/fate/fate/python/fate_client', 'eggroll.session.processors.per.node': '4', 'eggroll.session.deploy.mode': 'cluster', 'python.venv': '/opt/app-root'}]) at 0x7efe7019ac88>
[INFO ][2022-07-15 08:24:59,599][MainThread,pid:1506,tid:139631930750784][gc_utils.py:26.__init__] - global GC enabled. starting GC thread
[INFO ][2022-07-15 08:25:00,066][MainThread,pid:1506,tid:139631930750784][roll_site.py:130.__init__] - inited RollSiteContext: {'roll_site_session_id': '202207150823545315890_dataio_0_0', 'rp_ctx': <eggroll.roll_pair.roll_pair.RollPairContext object at 0x7efe70451fd0>, 'push_session_enabled': False, '_push_session': None, '_push_rp_ctx': None, 'role': 'guest', 'party_id': '9999', '_options': {'self_role': 'guest', 'self_party_id': '9999', 'proxy_endpoint': 'rollsite:9370'}, '_registered_comm_types': {'grpc': <class 'eggroll.roll_site.roll_site.RollSiteGrpc'>}, 'proxy_endpoint': <ErEndpoint(host=rollsite, port=9370) at 0x7efe701abf98>, 'is_standalone': False, 'pushing_latch': <eggroll.roll_site.roll_site.CountDownLatch object at 0x7efe701bdc50>, '_wait_push_exit_timeout': 600}
[INFO ][2022-07-15 08:25:07,496][MainThread,pid:1506,tid:139631930750784][transfer_pair.py:113.__init__] - transfer pair _executor_pool max_workers=5000
[INFO ][2022-07-15 08:27:26,888][Thread-1625,pid:20,tid:140563726718720][session.py:74.__init__] - static conf path: /data/projects/fate/eggroll/conf/eggroll.properties
[INFO ][2022-07-15 08:27:29,042][Thread-1625,pid:20,tid:140563726718720][session.py:212.__init__] - session init finished: 202207150823545315890_dataio_0_0_guest_9999_clean, details: <ErSessionMeta(id=202207150823545315890_dataio_0_0_guest_9999_clean, name=, status=ACTIVE, tag=, processors=[***, len=1], options=[{'eggroll.rollpair.inmemory_output': 'True', 'eggroll.session.processors.per.node': '1', 'eggroll.session.deploy.mode': 'cluster'}]) at 0x7fd764198898>
[INFO ][2022-07-15 08:27:29,042][Thread-1625,pid:20,tid:140563726718720][gc_utils.py:26.__init__] - global GC enabled. starting GC thread
[INFO ][2022-07-15 08:27:29,192][Thread-1625,pid:20,tid:140563726718720][session.py:374.stop] - stopping session (gracefully): 202207150823545315890_dataio_0_0_guest_9999_clean
[INFO ][2022-07-15 08:27:29,194][Thread-1625,pid:20,tid:140563726718720][gc_utils.py:32.stop] - GC: gc_util.stop called
[INFO ][2022-07-15 08:27:29,544][Thread-1658,pid:20,tid:140562426472192][gc_utils.py:52.run] - GC should_stop=True, stopping GC thread
[INFO ][2022-07-15 08:27:30,102][Thread-1625,pid:20,tid:140563726718720][session.py:374.stop] - stopping session (gracefully): 202207150823545315890_dataio_0_0_guest_9999_clean
[INFO ][2022-07-15 08:27:30,104][Thread-1625,pid:20,tid:140563726718720][gc_utils.py:32.stop] - GC: gc_util.stop called
[INFO ][2022-07-15 08:27:38,433][MainThread,pid:3494,tid:139838946142016][session.py:74.__init__] - static conf path: /data/projects/fate/eggroll/conf/eggroll.properties
[INFO ][2022-07-15 08:27:38,477][MainThread,pid:3494,tid:139838946142016][session.py:212.__init__] - session init finished: 202207150823545315890_dataio_0_0_guest_9999, details: <ErSessionMeta(id=202207150823545315890_dataio_0_0_guest_9999, name=, status=ACTIVE, tag=, processors=[***, len=4], options=[{'eggroll.session.processors.per.node': '4', 'eggroll.session.deploy.mode': 'cluster', 'python.path': '/data/projects/fate/fate/python:/opt/rh/rh-nodejs10/root/usr/lib/python2.7/site-packages::/data/projects/fate/fate/python:/data/projects/fate/eggroll/python:/data/projects/fate/fateflow/python:/data/projects/fate/fate/python/fate_client', 'eggroll.rollpair.inmemory_output': 'True', 'python.venv': '/opt/app-root'}]) at 0x7f2ea3fecf98>
[INFO ][2022-07-15 08:27:38,478][MainThread,pid:3494,tid:139838946142016][gc_utils.py:26.__init__] - global GC enabled. starting GC thread
[INFO ][2022-07-15 08:27:38,548][MainThread,pid:3494,tid:139838946142016][session.py:374.stop] - stopping session (gracefully): 202207150823545315890_dataio_0_0_guest_9999
[INFO ][2022-07-15 08:27:38,550][MainThread,pid:3494,tid:139838946142016][gc_utils.py:32.stop] - GC: gc_util.stop called
[INFO ][2022-07-15 08:27:38,978][Thread-1,pid:3494,tid:139838279628544][gc_utils.py:52.run] - GC should_stop=True, stopping GC thread
[INFO ][2022-07-15 08:27:39,370][MainThread,pid:3494,tid:139838946142016][session.py:374.stop] - stopping session (gracefully): 202207150823545315890_dataio_0_0_guest_9999
[INFO ][2022-07-15 08:27:39,371][MainThread,pid:3494,tid:139838946142016][gc_utils.py:32.stop] - GC: gc_util.stop called
[INFO ][2022-07-15 08:27:54,509][MainThread,pid:3687,tid:140652225394496][session.py:74.__init__] - static conf path: /data/projects/fate/eggroll/conf/eggroll.properties
[INFO ][2022-07-15 08:28:01,301][MainThread,pid:3687,tid:140652225394496][session.py:212.__init__] - session init finished: 202207150823545315890_homo_nn_0_0_guest_9999, details: <ErSessionMeta(id=202207150823545315890_homo_nn_0_0_guest_9999, name=, status=ACTIVE, tag=, processors=[***, len=4], options=[{'python.path': '/data/projects/fate/fate/python:/opt/rh/rh-nodejs10/root/usr/lib/python2.7/site-packages::/data/projects/fate/fate/python:/data/projects/fate/eggroll/python:/data/projects/fate/fateflow/python:/data/projects/fate/fate/python/fate_client', 'eggroll.rollpair.inmemory_output': 'True', 'eggroll.session.processors.per.node': '4', 'python.venv': '/opt/app-root', 'eggroll.session.deploy.mode': 'cluster'}]) at 0x7febfafc4a58>
[INFO ][2022-07-15 08:28:01,303][MainThread,pid:3687,tid:140652225394496][gc_utils.py:26.__init__] - global GC enabled. starting GC thread
[INFO ][2022-07-15 08:28:01,663][MainThread,pid:3687,tid:140652225394496][roll_site.py:130.__init__] - inited RollSiteContext: {'roll_site_session_id': '202207150823545315890_homo_nn_0_0', 'rp_ctx': <eggroll.roll_pair.roll_pair.RollPairContext object at 0x7febfb276dd8>, 'push_session_enabled': False, '_push_session': None, '_push_rp_ctx': None, 'role': 'guest', 'party_id': '9999', '_options': {'self_role': 'guest', 'self_party_id': '9999', 'proxy_endpoint': 'rollsite:9370'}, '_registered_comm_types': {'grpc': <class 'eggroll.roll_site.roll_site.RollSiteGrpc'>}, 'proxy_endpoint': <ErEndpoint(host=rollsite, port=9370) at 0x7febfafd19b0>, 'is_standalone': False, 'pushing_latch': <eggroll.roll_site.roll_site.CountDownLatch object at 0x7febfafd1e10>, '_wait_push_exit_timeout': 600}
[INFO ][2022-07-15 08:28:37,514][rollsite-client_1,pid:3687,tid:140649605547776][transfer_pair.py:113.__init__] - transfer pair _executor_pool max_workers=5000
[INFO ][2022-07-15 08:31:18,292][Thread-4042,pid:20,tid:140561990280960][session.py:74.__init__] - static conf path: /data/projects/fate/eggroll/conf/eggroll.properties
[INFO ][2022-07-15 08:31:22,005][Thread-4042,pid:20,tid:140561990280960][session.py:212.__init__] - session init finished: 202207150823545315890_homo_nn_0_0_guest_9999_clean, details: <ErSessionMeta(id=202207150823545315890_homo_nn_0_0_guest_9999_clean, name=, status=ACTIVE, tag=, processors=[***, len=1], options=[{'eggroll.rollpair.inmemory_output': 'True', 'eggroll.session.deploy.mode': 'cluster', 'eggroll.session.processors.per.node': '1'}]) at 0x7fd7641276a0>
[INFO ][2022-07-15 08:31:22,009][Thread-4042,pid:20,tid:140561990280960][gc_utils.py:26.__init__] - global GC enabled. starting GC thread
[INFO ][2022-07-15 08:31:22,333][Thread-4042,pid:20,tid:140561990280960][session.py:374.stop] - stopping session (gracefully): 202207150823545315890_homo_nn_0_0_guest_9999_clean
[INFO ][2022-07-15 08:31:22,339][Thread-4042,pid:20,tid:140561990280960][gc_utils.py:32.stop] - GC: gc_util.stop called
[INFO ][2022-07-15 08:31:22,516][Thread-4091,pid:20,tid:140562418079488][gc_utils.py:52.run] - GC should_stop=True, stopping GC thread
[INFO ][2022-07-15 08:31:23,124][Thread-4042,pid:20,tid:140561990280960][session.py:374.stop] - stopping session (gracefully): 202207150823545315890_homo_nn_0_0_guest_9999_clean
[INFO ][2022-07-15 08:31:23,127][Thread-4042,pid:20,tid:140561990280960][gc_utils.py:32.stop] - GC: gc_util.stop called
[INFO ][2022-07-15 08:31:31,082][MainThread,pid:7862,tid:140486874261312][session.py:74.__init__] - static conf path: /data/projects/fate/eggroll/conf/eggroll.properties
[INFO ][2022-07-15 08:31:31,120][MainThread,pid:7862,tid:140486874261312][session.py:212.__init__] - session init finished: 202207150823545315890_homo_nn_0_0_guest_9999, details: <ErSessionMeta(id=202207150823545315890_homo_nn_0_0_guest_9999, name=, status=ACTIVE, tag=, processors=[***, len=4], options=[{'eggroll.rollpair.inmemory_output': 'True', 'python.venv': '/opt/app-root', 'python.path': '/data/projects/fate/fate/python:/opt/rh/rh-nodejs10/root/usr/lib/python2.7/site-packages::/data/projects/fate/fate/python:/data/projects/fate/eggroll/python:/data/projects/fate/fateflow/python:/data/projects/fate/fate/python/fate_client', 'eggroll.session.deploy.mode': 'cluster', 'eggroll.session.processors.per.node': '4'}]) at 0x7fc57f855f28>
[INFO ][2022-07-15 08:31:31,120][MainThread,pid:7862,tid:140486874261312][gc_utils.py:26.__init__] - global GC enabled. starting GC thread
[INFO ][2022-07-15 08:31:31,190][MainThread,pid:7862,tid:140486874261312][session.py:374.stop] - stopping session (gracefully): 202207150823545315890_homo_nn_0_0_guest_9999
[INFO ][2022-07-15 08:31:31,193][MainThread,pid:7862,tid:140486874261312][gc_utils.py:32.stop] - GC: gc_util.stop called
[INFO ][2022-07-15 08:31:31,621][Thread-1,pid:7862,tid:140486199289600][gc_utils.py:52.run] - GC should_stop=True, stopping GC thread
[INFO ][2022-07-15 08:31:32,420][MainThread,pid:7862,tid:140486874261312][session.py:374.stop] - stopping session (gracefully): 202207150823545315890_homo_nn_0_0_guest_9999
[INFO ][2022-07-15 08:31:32,422][MainThread,pid:7862,tid:140486874261312][gc_utils.py:32.stop] - GC: gc_util.stop called
[INFO ][2022-07-15 09:02:23,019][MainThread,pid:8534,tid:140712559212352][session.py:74.__init__] - static conf path: /data/projects/fate/eggroll/conf/eggroll.properties
[INFO ][2022-07-15 09:02:26,765][MainThread,pid:8534,tid:140712559212352][session.py:212.__init__] - session init finished: 202207150902114810610_upload_0_0_local_0, details: <ErSessionMeta(id=202207150902114810610_upload_0_0_local_0, name=, status=ACTIVE, tag=, processors=[***, len=4], options=[{'eggroll.session.processors.per.node': '4', 'eggroll.rollpair.inmemory_output': 'True', 'python.venv': '/opt/app-root', 'eggroll.session.deploy.mode': 'cluster', 'python.path': '/data/projects/fate/fateflow/python:/opt/rh/rh-nodejs10/root/usr/lib/python2.7/site-packages::/data/projects/fate/fate/python:/data/projects/fate/eggroll/python:/data/projects/fate/fateflow/python:/data/projects/fate/fate/python/fate_client'}]) at 0x7ffa0aa24ac8>
[INFO ][2022-07-15 09:02:26,765][MainThread,pid:8534,tid:140712559212352][gc_utils.py:26.__init__] - global GC enabled. starting GC thread
[INFO ][2022-07-15 09:02:26,891][MainThread,pid:8534,tid:140712559212352][session.py:74.__init__] - static conf path: /data/projects/fate/eggroll/conf/eggroll.properties
[INFO ][2022-07-15 09:02:35,273][MainThread,pid:8534,tid:140712559212352][session.py:212.__init__] - session init finished: 202207150902114810610_upload_0_0_local_0_storage_d93d6902-041c-11ed-bb9e-0242c0a70064, details: <ErSessionMeta(id=202207150902114810610_upload_0_0_local_0_storage_d93d6902-041c-11ed-bb9e-0242c0a70064, name=, status=ACTIVE, tag=, processors=[***, len=4], options=[{'eggroll.session.deploy.mode': 'cluster'}]) at 0x7ffa037c32b0>
[INFO ][2022-07-15 09:02:35,273][MainThread,pid:8534,tid:140712559212352][gc_utils.py:26.__init__] - global GC enabled. starting GC thread
[INFO ][2022-07-15 09:02:42,437][MainThread,pid:8534,tid:140712559212352][transfer_pair.py:113.__init__] - transfer pair _executor_pool max_workers=5000
[INFO ][2022-07-15 09:02:45,204][Thread-4462,pid:20,tid:140563960481536][session.py:74.__init__] - static conf path: /data/projects/fate/eggroll/conf/eggroll.properties
[INFO ][2022-07-15 09:02:47,523][Thread-4462,pid:20,tid:140563960481536][session.py:212.__init__] - session init finished: 202207150902114810610_upload_0_0_local_0_clean, details: <ErSessionMeta(id=202207150902114810610_upload_0_0_local_0_clean, name=, status=ACTIVE, tag=, processors=[***, len=1], options=[{'eggroll.session.processors.per.node': '1', 'eggroll.session.deploy.mode': 'cluster', 'eggroll.rollpair.inmemory_output': 'True'}]) at 0x7fd7670fa240>
[INFO ][2022-07-15 09:02:47,524][Thread-4462,pid:20,tid:140563960481536][gc_utils.py:26.__init__] - global GC enabled. starting GC thread
[INFO ][2022-07-15 09:02:47,689][Thread-4462,pid:20,tid:140563960481536][session.py:374.stop] - stopping session (gracefully): 202207150902114810610_upload_0_0_local_0_clean
[INFO ][2022-07-15 09:02:47,691][Thread-4462,pid:20,tid:140563960481536][gc_utils.py:32.stop] - GC: gc_util.stop called
[INFO ][2022-07-15 09:02:48,030][Thread-4463,pid:20,tid:140562418079488][gc_utils.py:52.run] - GC should_stop=True, stopping GC thread
[INFO ][2022-07-15 09:02:48,568][Thread-4462,pid:20,tid:140563960481536][session.py:374.stop] - stopping session (gracefully): 202207150902114810610_upload_0_0_local_0_clean
[INFO ][2022-07-15 09:02:48,572][Thread-4462,pid:20,tid:140563960481536][gc_utils.py:32.stop] - GC: gc_util.stop called
[INFO ][2022-07-15 09:02:54,334][MainThread,pid:8623,tid:139891323426624][session.py:74.__init__] - static conf path: /data/projects/fate/eggroll/conf/eggroll.properties
[INFO ][2022-07-15 09:02:54,359][MainThread,pid:8623,tid:139891323426624][session.py:212.__init__] - session init finished: 202207150902114810610_upload_0_0_local_0, details: <ErSessionMeta(id=202207150902114810610_upload_0_0_local_0, name=, status=ACTIVE, tag=, processors=[***, len=4], options=[{'python.path': '/data/projects/fate/fateflow/python:/opt/rh/rh-nodejs10/root/usr/lib/python2.7/site-packages::/data/projects/fate/fate/python:/data/projects/fate/eggroll/python:/data/projects/fate/fateflow/python:/data/projects/fate/fate/python/fate_client', 'eggroll.session.deploy.mode': 'cluster', 'eggroll.session.processors.per.node': '4', 'python.venv': '/opt/app-root', 'eggroll.rollpair.inmemory_output': 'True'}]) at 0x7f3ad5edd160>
[INFO ][2022-07-15 09:02:54,359][MainThread,pid:8623,tid:139891323426624][gc_utils.py:26.__init__] - global GC enabled. starting GC thread
[INFO ][2022-07-15 09:02:54,406][MainThread,pid:8623,tid:139891323426624][session.py:74.__init__] - static conf path: /data/projects/fate/eggroll/conf/eggroll.properties
[INFO ][2022-07-15 09:02:54,414][MainThread,pid:8623,tid:139891323426624][session.py:212.__init__] - session init finished: 202207150902114810610_upload_0_0_local_0_storage_d93d6902-041c-11ed-bb9e-0242c0a70064, details: <ErSessionMeta(id=202207150902114810610_upload_0_0_local_0_storage_d93d6902-041c-11ed-bb9e-0242c0a70064, name=, status=ACTIVE, tag=, processors=[***, len=4], options=[{'eggroll.session.deploy.mode': 'cluster'}]) at 0x7f3ad44605c0>
[INFO ][2022-07-15 09:02:54,415][MainThread,pid:8623,tid:139891323426624][gc_utils.py:26.__init__] - global GC enabled. starting GC thread
[INFO ][2022-07-15 09:02:54,443][MainThread,pid:8623,tid:139891323426624][session.py:374.stop] - stopping session (gracefully): 202207150902114810610_upload_0_0_local_0_storage_d93d6902-041c-11ed-bb9e-0242c0a70064
[INFO ][2022-07-15 09:02:54,446][MainThread,pid:8623,tid:139891323426624][gc_utils.py:32.stop] - GC: gc_util.stop called
[INFO ][2022-07-15 09:02:54,916][Thread-2,pid:8623,tid:139890415093504][gc_utils.py:52.run] - GC should_stop=True, stopping GC thread
[INFO ][2022-07-15 09:02:55,311][MainThread,pid:8623,tid:139891323426624][session.py:374.stop] - stopping session (gracefully): 202207150902114810610_upload_0_0_local_0
[INFO ][2022-07-15 09:02:55,311][MainThread,pid:8623,tid:139891323426624][gc_utils.py:32.stop] - GC: gc_util.stop called
[INFO ][2022-07-15 09:02:55,361][Thread-1,pid:8623,tid:139890440271616][gc_utils.py:52.run] - GC should_stop=True, stopping GC thread
[INFO ][2022-07-15 09:02:56,279][MainThread,pid:8623,tid:139891323426624][session.py:374.stop] - stopping session (gracefully): 202207150902114810610_upload_0_0_local_0_storage_d93d6902-041c-11ed-bb9e-0242c0a70064
[INFO ][2022-07-15 09:02:56,279][MainThread,pid:8623,tid:139891323426624][gc_utils.py:32.stop] - GC: gc_util.stop called
[INFO ][2022-07-15 09:02:56,289][MainThread,pid:8623,tid:139891323426624][session.py:374.stop] - stopping session (gracefully): 202207150902114810610_upload_0_0_local_0
[INFO ][2022-07-15 09:02:56,289][MainThread,pid:8623,tid:139891323426624][gc_utils.py:32.stop] - GC: gc_util.stop called
[INFO ][2022-07-15 09:05:25,810][MainThread,pid:8694,tid:140175911212864][session.py:74.__init__] - static conf path: /data/projects/fate/eggroll/conf/eggroll.properties
[INFO ][2022-07-15 09:05:33,910][MainThread,pid:8694,tid:140175911212864][session.py:212.__init__] - session init finished: 202207150905077715100_reader_0_0_guest_9999, details: <ErSessionMeta(id=202207150905077715100_reader_0_0_guest_9999, name=, status=ACTIVE, tag=, processors=[***, len=4], options=[{'python.path': '/data/projects/fate/fateflow/python:/opt/rh/rh-nodejs10/root/usr/lib/python2.7/site-packages::/data/projects/fate/fate/python:/data/projects/fate/eggroll/python:/data/projects/fate/fateflow/python:/data/projects/fate/fate/python/fate_client', 'python.venv': '/opt/app-root', 'eggroll.session.processors.per.node': '4', 'eggroll.rollpair.inmemory_output': 'True', 'eggroll.session.deploy.mode': 'cluster'}]) at 0x7f7d17eca2e8>
[INFO ][2022-07-15 09:05:33,910][MainThread,pid:8694,tid:140175911212864][gc_utils.py:26.__init__] - global GC enabled. starting GC thread
[INFO ][2022-07-15 09:05:34,252][MainThread,pid:8694,tid:140175911212864][roll_site.py:130.__init__] - inited RollSiteContext: {'roll_site_session_id': '202207150905077715100_reader_0_0', 'rp_ctx': <eggroll.roll_pair.roll_pair.RollPairContext object at 0x7f7d181845c0>, 'push_session_enabled': False, '_push_session': None, '_push_rp_ctx': None, 'role': 'guest', 'party_id': '9999', '_options': {'self_role': 'guest', 'self_party_id': '9999', 'proxy_endpoint': 'rollsite:9370'}, '_registered_comm_types': {'grpc': <class 'eggroll.roll_site.roll_site.RollSiteGrpc'>}, 'proxy_endpoint': <ErEndpoint(host=rollsite, port=9370) at 0x7f7d17ed5160>, 'is_standalone': False, 'pushing_latch': <eggroll.roll_site.roll_site.CountDownLatch object at 0x7f7d17ed5128>, '_wait_push_exit_timeout': 600}
[INFO ][2022-07-15 09:05:34,317][MainThread,pid:8694,tid:140175911212864][session.py:74.__init__] - static conf path: /data/projects/fate/eggroll/conf/eggroll.properties
[INFO ][2022-07-15 09:05:37,809][MainThread,pid:8694,tid:140175911212864][session.py:212.__init__] - session init finished: 202207150905077715100_reader_0_0_guest_9999_storage_48f4a850-041d-11ed-ba21-0242c0a70064, details: <ErSessionMeta(id=202207150905077715100_reader_0_0_guest_9999_storage_48f4a850-041d-11ed-ba21-0242c0a70064, name=, status=ACTIVE, tag=, processors=[***, len=4], options=[{'eggroll.session.deploy.mode': 'cluster'}]) at 0x7f7d144a7b38>
[INFO ][2022-07-15 09:05:37,810][MainThread,pid:8694,tid:140175911212864][gc_utils.py:26.__init__] - global GC enabled. starting GC thread
[INFO ][2022-07-15 09:05:42,180][Thread-4527,pid:20,tid:140561990280960][session.py:74.__init__] - static conf path: /data/projects/fate/eggroll/conf/eggroll.properties
[INFO ][2022-07-15 09:05:44,569][Thread-4527,pid:20,tid:140561990280960][session.py:212.__init__] - session init finished: 202207150905077715100_reader_0_0_guest_9999_clean, details: <ErSessionMeta(id=202207150905077715100_reader_0_0_guest_9999_clean, name=, status=ACTIVE, tag=, processors=[***, len=1], options=[{'eggroll.session.processors.per.node': '1', 'eggroll.session.deploy.mode': 'cluster', 'eggroll.rollpair.inmemory_output': 'True'}]) at 0x7fd7670faf60>
[INFO ][2022-07-15 09:05:44,570][Thread-4527,pid:20,tid:140561990280960][gc_utils.py:26.__init__] - global GC enabled. starting GC thread
[INFO ][2022-07-15 09:05:44,628][Thread-4527,pid:20,tid:140561990280960][session.py:374.stop] - stopping session (gracefully): 202207150905077715100_reader_0_0_guest_9999_clean
[INFO ][2022-07-15 09:05:44,629][Thread-4527,pid:20,tid:140561990280960][gc_utils.py:32.stop] - GC: gc_util.stop called
[INFO ][2022-07-15 09:05:45,072][Thread-4528,pid:20,tid:140562418079488][gc_utils.py:52.run] - GC should_stop=True, stopping GC thread
[INFO ][2022-07-15 09:05:45,592][Thread-4527,pid:20,tid:140561990280960][session.py:374.stop] - stopping session (gracefully): 202207150905077715100_reader_0_0_guest_9999_clean
[INFO ][2022-07-15 09:05:45,593][Thread-4527,pid:20,tid:140561990280960][gc_utils.py:32.stop] - GC: gc_util.stop called
[INFO ][2022-07-15 09:05:53,479][MainThread,pid:8791,tid:140281174230848][session.py:74.__init__] - static conf path: /data/projects/fate/eggroll/conf/eggroll.properties
[INFO ][2022-07-15 09:05:53,605][MainThread,pid:8791,tid:140281174230848][session.py:212.__init__] - session init finished: 202207150905077715100_reader_0_0_guest_9999, details: <ErSessionMeta(id=202207150905077715100_reader_0_0_guest_9999, name=, status=ACTIVE, tag=, processors=[***, len=4], options=[{'eggroll.session.deploy.mode': 'cluster', 'eggroll.session.processors.per.node': '4', 'eggroll.rollpair.inmemory_output': 'True', 'python.venv': '/opt/app-root', 'python.path': '/data/projects/fate/fateflow/python:/opt/rh/rh-nodejs10/root/usr/lib/python2.7/site-packages::/data/projects/fate/fate/python:/data/projects/fate/eggroll/python:/data/projects/fate/fateflow/python:/data/projects/fate/fate/python/fate_client'}]) at 0x7f959ad8f198>
[INFO ][2022-07-15 09:05:53,606][MainThread,pid:8791,tid:140281174230848][gc_utils.py:26.__init__] - global GC enabled. starting GC thread
[INFO ][2022-07-15 09:05:53,716][MainThread,pid:8791,tid:140281174230848][session.py:74.__init__] - static conf path: /data/projects/fate/eggroll/conf/eggroll.properties
[INFO ][2022-07-15 09:05:53,740][MainThread,pid:8791,tid:140281174230848][session.py:212.__init__] - session init finished: 202207150905077715100_reader_0_0_guest_9999_storage_48f4a850-041d-11ed-ba21-0242c0a70064, details: <ErSessionMeta(id=202207150905077715100_reader_0_0_guest_9999_storage_48f4a850-041d-11ed-ba21-0242c0a70064, name=, status=ACTIVE, tag=, processors=[***, len=4], options=[{'eggroll.session.deploy.mode': 'cluster'}]) at 0x7f95983135f8>
[INFO ][2022-07-15 09:05:53,741][MainThread,pid:8791,tid:140281174230848][gc_utils.py:26.__init__] - global GC enabled. starting GC thread
[INFO ][2022-07-15 09:05:53,812][MainThread,pid:8791,tid:140281174230848][session.py:374.stop] - stopping session (gracefully): 202207150905077715100_reader_0_0_guest_9999_storage_48f4a850-041d-11ed-ba21-0242c0a70064
[INFO ][2022-07-15 09:05:53,816][MainThread,pid:8791,tid:140281174230848][gc_utils.py:32.stop] - GC: gc_util.stop called
[INFO ][2022-07-15 09:05:54,242][Thread-2,pid:8791,tid:140280393094912][gc_utils.py:52.run] - GC should_stop=True, stopping GC thread
[INFO ][2022-07-15 09:05:55,129][MainThread,pid:8791,tid:140281174230848][session.py:374.stop] - stopping session (gracefully): 202207150905077715100_reader_0_0_guest_9999
[INFO ][2022-07-15 09:05:55,129][MainThread,pid:8791,tid:140281174230848][gc_utils.py:32.stop] - GC: gc_util.stop called
[INFO ][2022-07-15 09:05:55,609][Thread-1,pid:8791,tid:140280499324672][gc_utils.py:52.run] - GC should_stop=True, stopping GC thread
[INFO ][2022-07-15 09:05:55,999][MainThread,pid:8791,tid:140281174230848][session.py:374.stop] - stopping session (gracefully): 202207150905077715100_reader_0_0_guest_9999_storage_48f4a850-041d-11ed-ba21-0242c0a70064
[INFO ][2022-07-15 09:05:55,999][MainThread,pid:8791,tid:140281174230848][gc_utils.py:32.stop] - GC: gc_util.stop called
[INFO ][2022-07-15 09:05:56,011][MainThread,pid:8791,tid:140281174230848][session.py:374.stop] - stopping session (gracefully): 202207150905077715100_reader_0_0_guest_9999
[INFO ][2022-07-15 09:05:56,012][MainThread,pid:8791,tid:140281174230848][gc_utils.py:32.stop] - GC: gc_util.stop called
[INFO ][2022-07-15 09:06:10,370][MainThread,pid:8817,tid:139765168400192][session.py:74.__init__] - static conf path: /data/projects/fate/eggroll/conf/eggroll.properties
[INFO ][2022-07-15 09:06:18,133][MainThread,pid:8817,tid:139765168400192][session.py:212.__init__] - session init finished: 202207150905077715100_dataio_0_0_guest_9999, details: <ErSessionMeta(id=202207150905077715100_dataio_0_0_guest_9999, name=, status=ACTIVE, tag=, processors=[***, len=4], options=[{'python.path': '/data/projects/fate/fate/python:/opt/rh/rh-nodejs10/root/usr/lib/python2.7/site-packages::/data/projects/fate/fate/python:/data/projects/fate/eggroll/python:/data/projects/fate/fateflow/python:/data/projects/fate/fate/python/fate_client', 'python.venv': '/opt/app-root', 'eggroll.rollpair.inmemory_output': 'True', 'eggroll.session.processors.per.node': '4', 'eggroll.session.deploy.mode': 'cluster'}]) at 0x7f1d75afb748>
[INFO ][2022-07-15 09:06:18,134][MainThread,pid:8817,tid:139765168400192][gc_utils.py:26.__init__] - global GC enabled. starting GC thread
[INFO ][2022-07-15 09:06:18,458][MainThread,pid:8817,tid:139765168400192][roll_site.py:130.__init__] - inited RollSiteContext: {'roll_site_session_id': '202207150905077715100_dataio_0_0', 'rp_ctx': <eggroll.roll_pair.roll_pair.RollPairContext object at 0x7f1d75db3a90>, 'push_session_enabled': False, '_push_session': None, '_push_rp_ctx': None, 'role': 'guest', 'party_id': '9999', '_options': {'self_role': 'guest', 'self_party_id': '9999', 'proxy_endpoint': 'rollsite:9370'}, '_registered_comm_types': {'grpc': <class 'eggroll.roll_site.roll_site.RollSiteGrpc'>}, 'proxy_endpoint': <ErEndpoint(host=rollsite, port=9370) at 0x7f1d75b0a358>, 'is_standalone': False, 'pushing_latch': <eggroll.roll_site.roll_site.CountDownLatch object at 0x7f1d75b0a550>, '_wait_push_exit_timeout': 600}
[INFO ][2022-07-15 09:06:20,686][MainThread,pid:8817,tid:139765168400192][transfer_pair.py:113.__init__] - transfer pair _executor_pool max_workers=5000
[INFO ][2022-07-15 09:07:10,378][Thread-4567,pid:20,tid:140563960481536][session.py:74.__init__] - static conf path: /data/projects/fate/eggroll/conf/eggroll.properties
[INFO ][2022-07-15 09:07:12,943][Thread-4567,pid:20,tid:140563960481536][session.py:212.__init__] - session init finished: 202207150905077715100_dataio_0_0_guest_9999_clean, details: <ErSessionMeta(id=202207150905077715100_dataio_0_0_guest_9999_clean, name=, status=ACTIVE, tag=, processors=[***, len=1], options=[{'eggroll.session.deploy.mode': 'cluster', 'eggroll.session.processors.per.node': '1', 'eggroll.rollpair.inmemory_output': 'True'}]) at 0x7fd7640ec588>
[INFO ][2022-07-15 09:07:12,943][Thread-4567,pid:20,tid:140563960481536][gc_utils.py:26.__init__] - global GC enabled. starting GC thread
[INFO ][2022-07-15 09:07:13,054][Thread-4567,pid:20,tid:140563960481536][session.py:374.stop] - stopping session (gracefully): 202207150905077715100_dataio_0_0_guest_9999_clean
[INFO ][2022-07-15 09:07:13,056][Thread-4567,pid:20,tid:140563960481536][gc_utils.py:32.stop] - GC: gc_util.stop called
[INFO ][2022-07-15 09:07:13,444][Thread-4568,pid:20,tid:140562418079488][gc_utils.py:52.run] - GC should_stop=True, stopping GC thread
[INFO ][2022-07-15 09:07:14,067][Thread-4567,pid:20,tid:140563960481536][session.py:374.stop] - stopping session (gracefully): 202207150905077715100_dataio_0_0_guest_9999_clean
[INFO ][2022-07-15 09:07:14,069][Thread-4567,pid:20,tid:140563960481536][gc_utils.py:32.stop] - GC: gc_util.stop called
[INFO ][2022-07-15 09:07:21,233][MainThread,pid:8923,tid:140111015946048][session.py:74.__init__] - static conf path: /data/projects/fate/eggroll/conf/eggroll.properties
[INFO ][2022-07-15 09:07:21,302][MainThread,pid:8923,tid:140111015946048][session.py:212.__init__] - session init finished: 202207150905077715100_dataio_0_0_guest_9999, details: <ErSessionMeta(id=202207150905077715100_dataio_0_0_guest_9999, name=, status=ACTIVE, tag=, processors=[***, len=4], options=[{'eggroll.session.deploy.mode': 'cluster', 'eggroll.rollpair.inmemory_output': 'True', 'python.venv': '/opt/app-root', 'python.path': '/data/projects/fate/fate/python:/opt/rh/rh-nodejs10/root/usr/lib/python2.7/site-packages::/data/projects/fate/fate/python:/data/projects/fate/eggroll/python:/data/projects/fate/fateflow/python:/data/projects/fate/fate/python/fate_client', 'eggroll.session.processors.per.node': '4'}]) at 0x7f6dfc9fa0b8>
[INFO ][2022-07-15 09:07:21,302][MainThread,pid:8923,tid:140111015946048][gc_utils.py:26.__init__] - global GC enabled. starting GC thread
[INFO ][2022-07-15 09:07:21,368][MainThread,pid:8923,tid:140111015946048][session.py:374.stop] - stopping session (gracefully): 202207150905077715100_dataio_0_0_guest_9999
[INFO ][2022-07-15 09:07:21,372][MainThread,pid:8923,tid:140111015946048][gc_utils.py:32.stop] - GC: gc_util.stop called
[INFO ][2022-07-15 09:07:21,804][Thread-1,pid:8923,tid:140110341039872][gc_utils.py:52.run] - GC should_stop=True, stopping GC thread
[INFO ][2022-07-15 09:07:22,430][MainThread,pid:8923,tid:140111015946048][session.py:374.stop] - stopping session (gracefully): 202207150905077715100_dataio_0_0_guest_9999
[INFO ][2022-07-15 09:07:22,431][MainThread,pid:8923,tid:140111015946048][gc_utils.py:32.stop] - GC: gc_util.stop called
[INFO ][2022-07-15 09:07:39,749][MainThread,pid:8947,tid:140029320300352][session.py:74.__init__] - static conf path: /data/projects/fate/eggroll/conf/eggroll.properties
[INFO ][2022-07-15 09:07:42,237][Thread-4602,pid:20,tid:140561998673664][session.py:74.__init__] - static conf path: /data/projects/fate/eggroll/conf/eggroll.properties
[INFO ][2022-07-15 09:07:44,152][MainThread,pid:8947,tid:140029320300352][session.py:212.__init__] - session init finished: 202207150905077715100_homo_nn_0_0_guest_9999, details: <ErSessionMeta(id=202207150905077715100_homo_nn_0_0_guest_9999, name=, status=ACTIVE, tag=, processors=[***, len=4], options=[{'python.venv': '/opt/app-root', 'eggroll.rollpair.inmemory_output': 'True', 'eggroll.session.processors.per.node': '4', 'eggroll.session.deploy.mode': 'cluster', 'python.path': '/data/projects/fate/fate/python:/opt/rh/rh-nodejs10/root/usr/lib/python2.7/site-packages::/data/projects/fate/fate/python:/data/projects/fate/eggroll/python:/data/projects/fate/fateflow/python:/data/projects/fate/fate/python/fate_client'}]) at 0x7f5af2f37208>
[INFO ][2022-07-15 09:07:44,152][MainThread,pid:8947,tid:140029320300352][gc_utils.py:26.__init__] - global GC enabled. starting GC thread
[INFO ][2022-07-15 09:07:44,303][MainThread,pid:8947,tid:140029320300352][roll_site.py:130.__init__] - inited RollSiteContext: {'roll_site_session_id': '202207150905077715100_homo_nn_0_0', 'rp_ctx': <eggroll.roll_pair.roll_pair.RollPairContext object at 0x7f5af2f26f98>, 'push_session_enabled': False, '_push_session': None, '_push_rp_ctx': None, 'role': 'guest', 'party_id': '9999', '_options': {'self_role': 'guest', 'self_party_id': '9999', 'proxy_endpoint': 'rollsite:9370'}, '_registered_comm_types': {'grpc': <class 'eggroll.roll_site.roll_site.RollSiteGrpc'>}, 'proxy_endpoint': <ErEndpoint(host=rollsite, port=9370) at 0x7f5af2f43400>, 'is_standalone': False, 'pushing_latch': <eggroll.roll_site.roll_site.CountDownLatch object at 0x7f5af2f43860>, '_wait_push_exit_timeout': 600}
[INFO ][2022-07-15 09:07:46,336][Thread-4602,pid:20,tid:140561998673664][session.py:212.__init__] - session init finished: 202207150905077715100_homo_nn_0_0_guest_9999_clean, details: <ErSessionMeta(id=202207150905077715100_homo_nn_0_0_guest_9999_clean, name=, status=ACTIVE, tag=, processors=[***, len=1], options=[{'eggroll.rollpair.inmemory_output': 'True', 'eggroll.session.deploy.mode': 'cluster', 'eggroll.session.processors.per.node': '1'}]) at 0x7fd73c6ceba8>
[INFO ][2022-07-15 09:07:46,342][Thread-4602,pid:20,tid:140561998673664][gc_utils.py:26.__init__] - global GC enabled. starting GC thread
[INFO ][2022-07-15 09:07:46,769][Thread-4602,pid:20,tid:140561998673664][session.py:374.stop] - stopping session (gracefully): 202207150905077715100_homo_nn_0_0_guest_9999_clean
[INFO ][2022-07-15 09:07:46,772][Thread-4602,pid:20,tid:140561998673664][gc_utils.py:32.stop] - GC: gc_util.stop called
[INFO ][2022-07-15 09:07:46,845][Thread-4605,pid:20,tid:140561990280960][gc_utils.py:52.run] - GC should_stop=True, stopping GC thread
[INFO ][2022-07-15 09:07:47,336][Thread-4602,pid:20,tid:140561998673664][session.py:374.stop] - stopping session (gracefully): 202207150905077715100_homo_nn_0_0_guest_9999_clean
[INFO ][2022-07-15 09:07:47,338][Thread-4602,pid:20,tid:140561998673664][gc_utils.py:32.stop] - GC: gc_util.stop called
[INFO ][2022-07-15 09:07:57,999][MainThread,pid:9010,tid:139814157424448][session.py:74.__init__] - static conf path: /data/projects/fate/eggroll/conf/eggroll.properties
[INFO ][2022-07-15 09:07:58,043][MainThread,pid:9010,tid:139814157424448][session.py:212.__init__] - session init finished: 202207150905077715100_homo_nn_0_0_guest_9999, details: <ErSessionMeta(id=202207150905077715100_homo_nn_0_0_guest_9999, name=, status=ACTIVE, tag=, processors=[***, len=4], options=[{'eggroll.rollpair.inmemory_output': 'True', 'python.path': '/data/projects/fate/fate/python:/opt/rh/rh-nodejs10/root/usr/lib/python2.7/site-packages::/data/projects/fate/fate/python:/data/projects/fate/eggroll/python:/data/projects/fate/fateflow/python:/data/projects/fate/fate/python/fate_client', 'eggroll.session.processors.per.node': '4', 'python.venv': '/opt/app-root', 'eggroll.session.deploy.mode': 'cluster'}]) at 0x7f28de7a10f0>
[INFO ][2022-07-15 09:07:58,044][MainThread,pid:9010,tid:139814157424448][gc_utils.py:26.__init__] - global GC enabled. starting GC thread
[INFO ][2022-07-15 09:07:58,074][MainThread,pid:9010,tid:139814157424448][session.py:374.stop] - stopping session (gracefully): 202207150905077715100_homo_nn_0_0_guest_9999
[INFO ][2022-07-15 09:07:58,077][MainThread,pid:9010,tid:139814157424448][gc_utils.py:32.stop] - GC: gc_util.stop called
[INFO ][2022-07-15 09:07:58,545][Thread-1,pid:9010,tid:139813482518272][gc_utils.py:52.run] - GC should_stop=True, stopping GC thread
[INFO ][2022-07-15 09:07:59,240][MainThread,pid:9010,tid:139814157424448][session.py:374.stop] - stopping session (gracefully): 202207150905077715100_homo_nn_0_0_guest_9999
[INFO ][2022-07-15 09:07:59,240][MainThread,pid:9010,tid:139814157424448][gc_utils.py:32.stop] - GC: gc_util.stop called
[INFO ][2022-07-15 10:02:03,054][MainThread,pid:349,tid:140549232781120][session.py:74.__init__] - static conf path: /data/projects/fate/eggroll/conf/eggroll.properties
[INFO ][2022-07-15 10:02:11,851][MainThread,pid:349,tid:140549232781120][session.py:212.__init__] - session init finished: 202207151001464747760_reader_0_0_guest_9999, details: <ErSessionMeta(id=202207151001464747760_reader_0_0_guest_9999, name=, status=ACTIVE, tag=, processors=[***, len=4], options=[{'eggroll.session.deploy.mode': 'cluster', 'eggroll.rollpair.inmemory_output': 'True', 'eggroll.session.processors.per.node': '4', 'python.venv': '/opt/app-root', 'python.path': '/data/projects/fate/fateflow/python:/opt/rh/rh-nodejs10/root/usr/lib/python2.7/site-packages::/data/projects/fate/fate/python:/data/projects/fate/eggroll/python:/data/projects/fate/fateflow/python:/data/projects/fate/fate/python/fate_client'}]) at 0x7fd4100e9160>
[INFO ][2022-07-15 10:02:11,852][MainThread,pid:349,tid:140549232781120][gc_utils.py:26.__init__] - global GC enabled. starting GC thread
[INFO ][2022-07-15 10:02:12,337][MainThread,pid:349,tid:140549232781120][roll_site.py:130.__init__] - inited RollSiteContext: {'roll_site_session_id': '202207151001464747760_reader_0_0', 'rp_ctx': <eggroll.roll_pair.roll_pair.RollPairContext object at 0x7fd4100e8f98>, 'push_session_enabled': False, '_push_session': None, '_push_rp_ctx': None, 'role': 'guest', 'party_id': '9999', '_options': {'self_role': 'guest', 'self_party_id': '9999', 'proxy_endpoint': 'rollsite:9370'}, '_registered_comm_types': {'grpc': <class 'eggroll.roll_site.roll_site.RollSiteGrpc'>}, 'proxy_endpoint': <ErEndpoint(host=rollsite, port=9370) at 0x7fd410106080>, 'is_standalone': False, 'pushing_latch': <eggroll.roll_site.roll_site.CountDownLatch object at 0x7fd4101062e8>, '_wait_push_exit_timeout': 600}
[INFO ][2022-07-15 10:02:12,435][MainThread,pid:349,tid:140549232781120][session.py:74.__init__] - static conf path: /data/projects/fate/eggroll/conf/eggroll.properties
[INFO ][2022-07-15 10:02:21,154][MainThread,pid:349,tid:140549232781120][session.py:212.__init__] - session init finished: 202207151001464747760_reader_0_0_guest_9999_storage_32637bea-0425-11ed-aab2-0242c0a70064, details: <ErSessionMeta(id=202207151001464747760_reader_0_0_guest_9999_storage_32637bea-0425-11ed-aab2-0242c0a70064, name=, status=ACTIVE, tag=, processors=[***, len=4], options=[{'eggroll.session.deploy.mode': 'cluster'}]) at 0x7fd4100609b0>
[INFO ][2022-07-15 10:02:21,155][MainThread,pid:349,tid:140549232781120][gc_utils.py:26.__init__] - global GC enabled. starting GC thread
[INFO ][2022-07-15 10:02:25,351][Thread-62,pid:21,tid:140062750656256][session.py:74.__init__] - static conf path: /data/projects/fate/eggroll/conf/eggroll.properties
[INFO ][2022-07-15 10:02:26,846][Thread-62,pid:21,tid:140062750656256][session.py:212.__init__] - session init finished: 202207151001464747760_reader_0_0_guest_9999_clean, details: <ErSessionMeta(id=202207151001464747760_reader_0_0_guest_9999_clean, name=, status=ACTIVE, tag=, processors=[***, len=1], options=[{'eggroll.session.deploy.mode': 'cluster', 'eggroll.session.processors.per.node': '1', 'eggroll.rollpair.inmemory_output': 'True'}]) at 0x7f6358fe9940>
[INFO ][2022-07-15 10:02:26,846][Thread-62,pid:21,tid:140062750656256][gc_utils.py:26.__init__] - global GC enabled. starting GC thread
[INFO ][2022-07-15 10:02:27,000][Thread-62,pid:21,tid:140062750656256][session.py:374.stop] - stopping session (gracefully): 202207151001464747760_reader_0_0_guest_9999_clean
[INFO ][2022-07-15 10:02:27,003][Thread-62,pid:21,tid:140062750656256][gc_utils.py:32.stop] - GC: gc_util.stop called
[INFO ][2022-07-15 10:02:27,347][Thread-63,pid:21,tid:140062722934528][gc_utils.py:52.run] - GC should_stop=True, stopping GC thread
[INFO ][2022-07-15 10:02:27,944][Thread-62,pid:21,tid:140062750656256][session.py:374.stop] - stopping session (gracefully): 202207151001464747760_reader_0_0_guest_9999_clean
[INFO ][2022-07-15 10:02:27,948][Thread-62,pid:21,tid:140062750656256][gc_utils.py:32.stop] - GC: gc_util.stop called
[INFO ][2022-07-15 10:02:37,123][MainThread,pid:461,tid:140188622358336][session.py:74.__init__] - static conf path: /data/projects/fate/eggroll/conf/eggroll.properties
[INFO ][2022-07-15 10:02:37,172][MainThread,pid:461,tid:140188622358336][session.py:212.__init__] - session init finished: 202207151001464747760_reader_0_0_guest_9999, details: <ErSessionMeta(id=202207151001464747760_reader_0_0_guest_9999, name=, status=ACTIVE, tag=, processors=[***, len=4], options=[{'eggroll.session.processors.per.node': '4', 'python.path': '/data/projects/fate/fateflow/python:/opt/rh/rh-nodejs10/root/usr/lib/python2.7/site-packages::/data/projects/fate/fate/python:/data/projects/fate/eggroll/python:/data/projects/fate/fateflow/python:/data/projects/fate/fate/python/fate_client', 'eggroll.rollpair.inmemory_output': 'True', 'eggroll.session.deploy.mode': 'cluster', 'python.venv': '/opt/app-root'}]) at 0x7f801ac27d68>
[INFO ][2022-07-15 10:02:37,173][MainThread,pid:461,tid:140188622358336][gc_utils.py:26.__init__] - global GC enabled. starting GC thread
[INFO ][2022-07-15 10:02:37,247][MainThread,pid:461,tid:140188622358336][session.py:74.__init__] - static conf path: /data/projects/fate/eggroll/conf/eggroll.properties
[INFO ][2022-07-15 10:02:37,270][MainThread,pid:461,tid:140188622358336][session.py:212.__init__] - session init finished: 202207151001464747760_reader_0_0_guest_9999_storage_32637bea-0425-11ed-aab2-0242c0a70064, details: <ErSessionMeta(id=202207151001464747760_reader_0_0_guest_9999_storage_32637bea-0425-11ed-aab2-0242c0a70064, name=, status=ACTIVE, tag=, processors=[***, len=4], options=[{'eggroll.session.deploy.mode': 'cluster'}]) at 0x7f8018bd92b0>
[INFO ][2022-07-15 10:02:37,271][MainThread,pid:461,tid:140188622358336][gc_utils.py:26.__init__] - global GC enabled. starting GC thread
[INFO ][2022-07-15 10:02:37,338][MainThread,pid:461,tid:140188622358336][session.py:374.stop] - stopping session (gracefully): 202207151001464747760_reader_0_0_guest_9999_storage_32637bea-0425-11ed-aab2-0242c0a70064
[INFO ][2022-07-15 10:02:37,340][MainThread,pid:461,tid:140188622358336][gc_utils.py:32.stop] - GC: gc_util.stop called
[INFO ][2022-07-15 10:02:37,772][Thread-2,pid:461,tid:140187782862592][gc_utils.py:52.run] - GC should_stop=True, stopping GC thread
[INFO ][2022-07-15 10:02:38,187][MainThread,pid:461,tid:140188622358336][session.py:374.stop] - stopping session (gracefully): 202207151001464747760_reader_0_0_guest_9999
[INFO ][2022-07-15 10:02:38,188][MainThread,pid:461,tid:140188622358336][gc_utils.py:32.stop] - GC: gc_util.stop called
[INFO ][2022-07-15 10:02:38,678][Thread-1,pid:461,tid:140188156073728][gc_utils.py:52.run] - GC should_stop=True, stopping GC thread
[INFO ][2022-07-15 10:02:38,935][MainThread,pid:461,tid:140188622358336][session.py:374.stop] - stopping session (gracefully): 202207151001464747760_reader_0_0_guest_9999_storage_32637bea-0425-11ed-aab2-0242c0a70064
[INFO ][2022-07-15 10:02:38,936][MainThread,pid:461,tid:140188622358336][gc_utils.py:32.stop] - GC: gc_util.stop called
[INFO ][2022-07-15 10:02:38,983][MainThread,pid:461,tid:140188622358336][session.py:374.stop] - stopping session (gracefully): 202207151001464747760_reader_0_0_guest_9999
[INFO ][2022-07-15 10:02:38,984][MainThread,pid:461,tid:140188622358336][gc_utils.py:32.stop] - GC: gc_util.stop called
[INFO ][2022-07-15 10:02:53,065][MainThread,pid:493,tid:139806993532736][session.py:74.__init__] - static conf path: /data/projects/fate/eggroll/conf/eggroll.properties
[INFO ][2022-07-15 10:02:56,035][MainThread,pid:493,tid:139806993532736][session.py:212.__init__] - session init finished: 202207151001464747760_dataio_0_0_guest_9999, details: <ErSessionMeta(id=202207151001464747760_dataio_0_0_guest_9999, name=, status=ACTIVE, tag=, processors=[***, len=4], options=[{'python.venv': '/opt/app-root', 'python.path': '/data/projects/fate/fate/python:/opt/rh/rh-nodejs10/root/usr/lib/python2.7/site-packages::/data/projects/fate/fate/python:/data/projects/fate/eggroll/python:/data/projects/fate/fateflow/python:/data/projects/fate/fate/python/fate_client', 'eggroll.rollpair.inmemory_output': 'True', 'eggroll.session.deploy.mode': 'cluster', 'eggroll.session.processors.per.node': '4'}]) at 0x7f273f1865c0>
[INFO ][2022-07-15 10:02:56,035][MainThread,pid:493,tid:139806993532736][gc_utils.py:26.__init__] - global GC enabled. starting GC thread
[INFO ][2022-07-15 10:02:56,317][MainThread,pid:493,tid:139806993532736][roll_site.py:130.__init__] - inited RollSiteContext: {'roll_site_session_id': '202207151001464747760_dataio_0_0', 'rp_ctx': <eggroll.roll_pair.roll_pair.RollPairContext object at 0x7f273f43e940>, 'push_session_enabled': False, '_push_session': None, '_push_rp_ctx': None, 'role': 'guest', 'party_id': '9999', '_options': {'self_role': 'guest', 'self_party_id': '9999', 'proxy_endpoint': 'rollsite:9370'}, '_registered_comm_types': {'grpc': <class 'eggroll.roll_site.roll_site.RollSiteGrpc'>}, 'proxy_endpoint': <ErEndpoint(host=rollsite, port=9370) at 0x7f273f195208>, 'is_standalone': False, 'pushing_latch': <eggroll.roll_site.roll_site.CountDownLatch object at 0x7f273f195400>, '_wait_push_exit_timeout': 600}
[INFO ][2022-07-15 10:02:57,885][MainThread,pid:493,tid:139806993532736][transfer_pair.py:113.__init__] - transfer pair _executor_pool max_workers=5000
[INFO ][2022-07-15 10:03:29,979][Thread-101,pid:21,tid:140062750656256][session.py:74.__init__] - static conf path: /data/projects/fate/eggroll/conf/eggroll.properties
[INFO ][2022-07-15 10:03:31,817][Thread-101,pid:21,tid:140062750656256][session.py:212.__init__] - session init finished: 202207151001464747760_dataio_0_0_guest_9999_clean, details: <ErSessionMeta(id=202207151001464747760_dataio_0_0_guest_9999_clean, name=, status=ACTIVE, tag=, processors=[***, len=1], options=[{'eggroll.session.processors.per.node': '1', 'eggroll.rollpair.inmemory_output': 'True', 'eggroll.session.deploy.mode': 'cluster'}]) at 0x7f6340568c18>
[INFO ][2022-07-15 10:03:31,817][Thread-101,pid:21,tid:140062750656256][gc_utils.py:26.__init__] - global GC enabled. starting GC thread
[INFO ][2022-07-15 10:03:31,912][Thread-101,pid:21,tid:140062750656256][session.py:374.stop] - stopping session (gracefully): 202207151001464747760_dataio_0_0_guest_9999_clean
[INFO ][2022-07-15 10:03:31,913][Thread-101,pid:21,tid:140062750656256][gc_utils.py:32.stop] - GC: gc_util.stop called
[INFO ][2022-07-15 10:03:32,319][Thread-102,pid:21,tid:140062373181184][gc_utils.py:52.run] - GC should_stop=True, stopping GC thread
[INFO ][2022-07-15 10:03:32,958][Thread-101,pid:21,tid:140062750656256][session.py:374.stop] - stopping session (gracefully): 202207151001464747760_dataio_0_0_guest_9999_clean
[INFO ][2022-07-15 10:03:32,959][Thread-101,pid:21,tid:140062750656256][gc_utils.py:32.stop] - GC: gc_util.stop called
[INFO ][2022-07-15 10:03:40,101][MainThread,pid:592,tid:140186502207296][session.py:74.__init__] - static conf path: /data/projects/fate/eggroll/conf/eggroll.properties
[INFO ][2022-07-15 10:03:40,144][MainThread,pid:592,tid:140186502207296][session.py:212.__init__] - session init finished: 202207151001464747760_dataio_0_0_guest_9999, details: <ErSessionMeta(id=202207151001464747760_dataio_0_0_guest_9999, name=, status=ACTIVE, tag=, processors=[***, len=4], options=[{'python.path': '/data/projects/fate/fate/python:/opt/rh/rh-nodejs10/root/usr/lib/python2.7/site-packages::/data/projects/fate/fate/python:/data/projects/fate/eggroll/python:/data/projects/fate/fateflow/python:/data/projects/fate/fate/python/fate_client', 'python.venv': '/opt/app-root', 'eggroll.session.deploy.mode': 'cluster', 'eggroll.rollpair.inmemory_output': 'True', 'eggroll.session.processors.per.node': '4'}]) at 0x7f7f9c638d30>
[INFO ][2022-07-15 10:03:40,144][MainThread,pid:592,tid:140186502207296][gc_utils.py:26.__init__] - global GC enabled. starting GC thread
[INFO ][2022-07-15 10:03:40,208][MainThread,pid:592,tid:140186502207296][session.py:374.stop] - stopping session (gracefully): 202207151001464747760_dataio_0_0_guest_9999
[INFO ][2022-07-15 10:03:40,209][MainThread,pid:592,tid:140186502207296][gc_utils.py:32.stop] - GC: gc_util.stop called
[INFO ][2022-07-15 10:03:40,646][Thread-1,pid:592,tid:140186035922688][gc_utils.py:52.run] - GC should_stop=True, stopping GC thread
[INFO ][2022-07-15 10:03:41,257][MainThread,pid:592,tid:140186502207296][session.py:374.stop] - stopping session (gracefully): 202207151001464747760_dataio_0_0_guest_9999
[INFO ][2022-07-15 10:03:41,258][MainThread,pid:592,tid:140186502207296][gc_utils.py:32.stop] - GC: gc_util.stop called
[INFO ][2022-07-15 10:03:55,872][MainThread,pid:615,tid:140350577125184][session.py:74.__init__] - static conf path: /data/projects/fate/eggroll/conf/eggroll.properties
[INFO ][2022-07-15 10:03:59,327][MainThread,pid:615,tid:140350577125184][session.py:212.__init__] - session init finished: 202207151001464747760_homo_nn_0_0_guest_9999, details: <ErSessionMeta(id=202207151001464747760_homo_nn_0_0_guest_9999, name=, status=ACTIVE, tag=, processors=[***, len=4], options=[{'eggroll.session.processors.per.node': '4', 'python.path': '/data/projects/fate/fate/python:/opt/rh/rh-nodejs10/root/usr/lib/python2.7/site-packages::/data/projects/fate/fate/python:/data/projects/fate/eggroll/python:/data/projects/fate/fateflow/python:/data/projects/fate/fate/python/fate_client', 'eggroll.session.deploy.mode': 'cluster', 'python.venv': '/opt/app-root', 'eggroll.rollpair.inmemory_output': 'True'}]) at 0x7fa5cbc95080>
[INFO ][2022-07-15 10:03:59,328][MainThread,pid:615,tid:140350577125184][gc_utils.py:26.__init__] - global GC enabled. starting GC thread
[INFO ][2022-07-15 10:03:59,460][MainThread,pid:615,tid:140350577125184][roll_site.py:130.__init__] - inited RollSiteContext: {'roll_site_session_id': '202207151001464747760_homo_nn_0_0', 'rp_ctx': <eggroll.roll_pair.roll_pair.RollPairContext object at 0x7fa5cbf48390>, 'push_session_enabled': False, '_push_session': None, '_push_rp_ctx': None, 'role': 'guest', 'party_id': '9999', '_options': {'self_role': 'guest', 'self_party_id': '9999', 'proxy_endpoint': 'rollsite:9370'}, '_registered_comm_types': {'grpc': <class 'eggroll.roll_site.roll_site.RollSiteGrpc'>}, 'proxy_endpoint': <ErEndpoint(host=rollsite, port=9370) at 0x7fa5cbca1978>, 'is_standalone': False, 'pushing_latch': <eggroll.roll_site.roll_site.CountDownLatch object at 0x7fa5cbca15c0>, '_wait_push_exit_timeout': 600}
[INFO ][2022-07-15 10:04:03,552][Thread-137,pid:21,tid:140062373181184][session.py:74.__init__] - static conf path: /data/projects/fate/eggroll/conf/eggroll.properties
[INFO ][2022-07-15 10:04:05,602][Thread-137,pid:21,tid:140062373181184][session.py:212.__init__] - session init finished: 202207151001464747760_homo_nn_0_0_guest_9999_clean, details: <ErSessionMeta(id=202207151001464747760_homo_nn_0_0_guest_9999_clean, name=, status=ACTIVE, tag=, processors=[***, len=1], options=[{'eggroll.rollpair.inmemory_output': 'True', 'eggroll.session.deploy.mode': 'cluster', 'eggroll.session.processors.per.node': '1'}]) at 0x7f62e4360ba8>
[INFO ][2022-07-15 10:04:05,602][Thread-137,pid:21,tid:140062373181184][gc_utils.py:26.__init__] - global GC enabled. starting GC thread
[INFO ][2022-07-15 10:04:05,686][Thread-137,pid:21,tid:140062373181184][session.py:374.stop] - stopping session (gracefully): 202207151001464747760_homo_nn_0_0_guest_9999_clean
[INFO ][2022-07-15 10:04:05,687][Thread-137,pid:21,tid:140062373181184][gc_utils.py:32.stop] - GC: gc_util.stop called
[INFO ][2022-07-15 10:04:06,104][Thread-138,pid:21,tid:140062364788480][gc_utils.py:52.run] - GC should_stop=True, stopping GC thread
[INFO ][2022-07-15 10:04:06,596][Thread-137,pid:21,tid:140062373181184][session.py:374.stop] - stopping session (gracefully): 202207151001464747760_homo_nn_0_0_guest_9999_clean
[INFO ][2022-07-15 10:04:06,598][Thread-137,pid:21,tid:140062373181184][gc_utils.py:32.stop] - GC: gc_util.stop called
[INFO ][2022-07-15 10:04:13,836][MainThread,pid:664,tid:140675224307520][session.py:74.__init__] - static conf path: /data/projects/fate/eggroll/conf/eggroll.properties
[INFO ][2022-07-15 10:04:13,863][MainThread,pid:664,tid:140675224307520][session.py:212.__init__] - session init finished: 202207151001464747760_homo_nn_0_0_guest_9999, details: <ErSessionMeta(id=202207151001464747760_homo_nn_0_0_guest_9999, name=, status=ACTIVE, tag=, processors=[***, len=4], options=[{'python.venv': '/opt/app-root', 'python.path': '/data/projects/fate/fate/python:/opt/rh/rh-nodejs10/root/usr/lib/python2.7/site-packages::/data/projects/fate/fate/python:/data/projects/fate/eggroll/python:/data/projects/fate/fateflow/python:/data/projects/fate/fate/python/fate_client', 'eggroll.rollpair.inmemory_output': 'True', 'eggroll.session.processors.per.node': '4', 'eggroll.session.deploy.mode': 'cluster'}]) at 0x7ff1667efd30>
[INFO ][2022-07-15 10:04:13,863][MainThread,pid:664,tid:140675224307520][gc_utils.py:26.__init__] - global GC enabled. starting GC thread
[INFO ][2022-07-15 10:04:13,890][MainThread,pid:664,tid:140675224307520][session.py:374.stop] - stopping session (gracefully): 202207151001464747760_homo_nn_0_0_guest_9999
[INFO ][2022-07-15 10:04:13,891][MainThread,pid:664,tid:140675224307520][gc_utils.py:32.stop] - GC: gc_util.stop called
[INFO ][2022-07-15 10:04:14,320][MainThread,pid:664,tid:140675224307520][session.py:374.stop] - stopping session (gracefully): 202207151001464747760_homo_nn_0_0_guest_9999
[INFO ][2022-07-15 10:04:14,320][MainThread,pid:664,tid:140675224307520][gc_utils.py:32.stop] - GC: gc_util.stop called
[INFO ][2022-07-15 10:06:43,428][MainThread,pid:879,tid:140197969520448][session.py:74.__init__] - static conf path: /data/projects/fate/eggroll/conf/eggroll.properties
[INFO ][2022-07-15 10:06:48,400][MainThread,pid:879,tid:140197969520448][session.py:212.__init__] - session init finished: 202207151006305793390_reader_0_0_guest_9999, details: <ErSessionMeta(id=202207151006305793390_reader_0_0_guest_9999, name=, status=ACTIVE, tag=, processors=[***, len=4], options=[{'python.path': '/data/projects/fate/fateflow/python:/opt/rh/rh-nodejs10/root/usr/lib/python2.7/site-packages::/data/projects/fate/fate/python:/data/projects/fate/eggroll/python:/data/projects/fate/fateflow/python:/data/projects/fate/fate/python/fate_client', 'python.venv': '/opt/app-root', 'eggroll.session.processors.per.node': '4', 'eggroll.rollpair.inmemory_output': 'True', 'eggroll.session.deploy.mode': 'cluster'}]) at 0x7f824723a1d0>
[INFO ][2022-07-15 10:06:48,401][MainThread,pid:879,tid:140197969520448][gc_utils.py:26.__init__] - global GC enabled. starting GC thread
[INFO ][2022-07-15 10:06:48,699][MainThread,pid:879,tid:140197969520448][roll_site.py:130.__init__] - inited RollSiteContext: {'roll_site_session_id': '202207151006305793390_reader_0_0', 'rp_ctx': <eggroll.roll_pair.roll_pair.RollPairContext object at 0x7f8247228f98>, 'push_session_enabled': False, '_push_session': None, '_push_rp_ctx': None, 'role': 'guest', 'party_id': '9999', '_options': {'self_role': 'guest', 'self_party_id': '9999', 'proxy_endpoint': 'rollsite:9370'}, '_registered_comm_types': {'grpc': <class 'eggroll.roll_site.roll_site.RollSiteGrpc'>}, 'proxy_endpoint': <ErEndpoint(host=rollsite, port=9370) at 0x7f824724a2b0>, 'is_standalone': False, 'pushing_latch': <eggroll.roll_site.roll_site.CountDownLatch object at 0x7f824724a080>, '_wait_push_exit_timeout': 600}
[INFO ][2022-07-15 10:06:48,769][MainThread,pid:879,tid:140197969520448][session.py:74.__init__] - static conf path: /data/projects/fate/eggroll/conf/eggroll.properties
[INFO ][2022-07-15 10:06:51,221][MainThread,pid:879,tid:140197969520448][session.py:212.__init__] - session init finished: 202207151006305793390_reader_0_0_guest_9999_storage_d719c81a-0425-11ed-a605-0242c0a70064, details: <ErSessionMeta(id=202207151006305793390_reader_0_0_guest_9999_storage_d719c81a-0425-11ed-a605-0242c0a70064, name=, status=ACTIVE, tag=, processors=[***, len=4], options=[{'eggroll.session.deploy.mode': 'cluster'}]) at 0x7f823f783940>
[INFO ][2022-07-15 10:06:51,221][MainThread,pid:879,tid:140197969520448][gc_utils.py:26.__init__] - global GC enabled. starting GC thread
[INFO ][2022-07-15 10:06:54,917][Thread-235,pid:21,tid:140062373181184][session.py:74.__init__] - static conf path: /data/projects/fate/eggroll/conf/eggroll.properties
[INFO ][2022-07-15 10:06:56,426][Thread-235,pid:21,tid:140062373181184][session.py:212.__init__] - session init finished: 202207151006305793390_reader_0_0_guest_9999_clean, details: <ErSessionMeta(id=202207151006305793390_reader_0_0_guest_9999_clean, name=, status=ACTIVE, tag=, processors=[***, len=1], options=[{'eggroll.session.processors.per.node': '1', 'eggroll.rollpair.inmemory_output': 'True', 'eggroll.session.deploy.mode': 'cluster'}]) at 0x7f62e4dc8940>
[INFO ][2022-07-15 10:06:56,426][Thread-235,pid:21,tid:140062373181184][gc_utils.py:26.__init__] - global GC enabled. starting GC thread
[INFO ][2022-07-15 10:06:56,510][Thread-235,pid:21,tid:140062373181184][session.py:374.stop] - stopping session (gracefully): 202207151006305793390_reader_0_0_guest_9999_clean
[INFO ][2022-07-15 10:06:56,511][Thread-235,pid:21,tid:140062373181184][gc_utils.py:32.stop] - GC: gc_util.stop called
[INFO ][2022-07-15 10:06:56,928][Thread-236,pid:21,tid:140062356395776][gc_utils.py:52.run] - GC should_stop=True, stopping GC thread
[INFO ][2022-07-15 10:06:57,461][Thread-235,pid:21,tid:140062373181184][session.py:374.stop] - stopping session (gracefully): 202207151006305793390_reader_0_0_guest_9999_clean
[INFO ][2022-07-15 10:06:57,462][Thread-235,pid:21,tid:140062373181184][gc_utils.py:32.stop] - GC: gc_util.stop called
[INFO ][2022-07-15 10:07:04,524][MainThread,pid:1013,tid:140458274985792][session.py:74.__init__] - static conf path: /data/projects/fate/eggroll/conf/eggroll.properties
[INFO ][2022-07-15 10:07:04,569][MainThread,pid:1013,tid:140458274985792][session.py:212.__init__] - session init finished: 202207151006305793390_reader_0_0_guest_9999, details: <ErSessionMeta(id=202207151006305793390_reader_0_0_guest_9999, name=, status=ACTIVE, tag=, processors=[***, len=4], options=[{'eggroll.session.processors.per.node': '4', 'eggroll.session.deploy.mode': 'cluster', 'python.path': '/data/projects/fate/fateflow/python:/opt/rh/rh-nodejs10/root/usr/lib/python2.7/site-packages::/data/projects/fate/fate/python:/data/projects/fate/eggroll/python:/data/projects/fate/fateflow/python:/data/projects/fate/fate/python/fate_client', 'eggroll.rollpair.inmemory_output': 'True', 'python.venv': '/opt/app-root'}]) at 0x7fbee34f0e10>
[INFO ][2022-07-15 10:07:04,570][MainThread,pid:1013,tid:140458274985792][gc_utils.py:26.__init__] - global GC enabled. starting GC thread
[INFO ][2022-07-15 10:07:04,653][MainThread,pid:1013,tid:140458274985792][session.py:74.__init__] - static conf path: /data/projects/fate/eggroll/conf/eggroll.properties
[INFO ][2022-07-15 10:07:04,692][MainThread,pid:1013,tid:140458274985792][session.py:212.__init__] - session init finished: 202207151006305793390_reader_0_0_guest_9999_storage_d719c81a-0425-11ed-a605-0242c0a70064, details: <ErSessionMeta(id=202207151006305793390_reader_0_0_guest_9999_storage_d719c81a-0425-11ed-a605-0242c0a70064, name=, status=ACTIVE, tag=, processors=[***, len=4], options=[{'eggroll.session.deploy.mode': 'cluster'}]) at 0x7fbee14a2320>
[INFO ][2022-07-15 10:07:04,693][MainThread,pid:1013,tid:140458274985792][gc_utils.py:26.__init__] - global GC enabled. starting GC thread
[INFO ][2022-07-15 10:07:04,755][MainThread,pid:1013,tid:140458274985792][session.py:374.stop] - stopping session (gracefully): 202207151006305793390_reader_0_0_guest_9999_storage_d719c81a-0425-11ed-a605-0242c0a70064
[INFO ][2022-07-15 10:07:04,759][MainThread,pid:1013,tid:140458274985792][gc_utils.py:32.stop] - GC: gc_util.stop called
[INFO ][2022-07-15 10:07:05,173][MainThread,pid:1013,tid:140458274985792][session.py:374.stop] - stopping session (gracefully): 202207151006305793390_reader_0_0_guest_9999
[INFO ][2022-07-15 10:07:05,175][MainThread,pid:1013,tid:140458274985792][gc_utils.py:32.stop] - GC: gc_util.stop called
[INFO ][2022-07-15 10:07:05,194][Thread-2,pid:1013,tid:140457789540096][gc_utils.py:52.run] - GC should_stop=True, stopping GC thread
[INFO ][2022-07-15 10:07:05,573][Thread-1,pid:1013,tid:140457808701184][gc_utils.py:52.run] - GC should_stop=True, stopping GC thread
[INFO ][2022-07-15 10:07:06,007][MainThread,pid:1013,tid:140458274985792][session.py:374.stop] - stopping session (gracefully): 202207151006305793390_reader_0_0_guest_9999_storage_d719c81a-0425-11ed-a605-0242c0a70064
[INFO ][2022-07-15 10:07:06,007][MainThread,pid:1013,tid:140458274985792][gc_utils.py:32.stop] - GC: gc_util.stop called
[INFO ][2022-07-15 10:07:06,017][MainThread,pid:1013,tid:140458274985792][session.py:374.stop] - stopping session (gracefully): 202207151006305793390_reader_0_0_guest_9999
[INFO ][2022-07-15 10:07:06,018][MainThread,pid:1013,tid:140458274985792][gc_utils.py:32.stop] - GC: gc_util.stop called
[INFO ][2022-07-15 10:07:19,060][MainThread,pid:1075,tid:140599552972608][session.py:74.__init__] - static conf path: /data/projects/fate/eggroll/conf/eggroll.properties
[INFO ][2022-07-15 10:07:27,023][MainThread,pid:1075,tid:140599552972608][session.py:212.__init__] - session init finished: 202207151006305793390_dataio_0_0_guest_9999, details: <ErSessionMeta(id=202207151006305793390_dataio_0_0_guest_9999, name=, status=ACTIVE, tag=, processors=[***, len=4], options=[{'eggroll.rollpair.inmemory_output': 'True', 'python.path': '/data/projects/fate/fate/python:/opt/rh/rh-nodejs10/root/usr/lib/python2.7/site-packages::/data/projects/fate/fate/python:/data/projects/fate/eggroll/python:/data/projects/fate/fateflow/python:/data/projects/fate/fate/python/fate_client', 'eggroll.session.processors.per.node': '4', 'eggroll.session.deploy.mode': 'cluster', 'python.venv': '/opt/app-root'}]) at 0x7fdfc751b518>
[INFO ][2022-07-15 10:07:27,023][MainThread,pid:1075,tid:140599552972608][gc_utils.py:26.__init__] - global GC enabled. starting GC thread
[INFO ][2022-07-15 10:07:27,273][MainThread,pid:1075,tid:140599552972608][roll_site.py:130.__init__] - inited RollSiteContext: {'roll_site_session_id': '202207151006305793390_dataio_0_0', 'rp_ctx': <eggroll.roll_pair.roll_pair.RollPairContext object at 0x7fdfc77d38d0>, 'push_session_enabled': False, '_push_session': None, '_push_rp_ctx': None, 'role': 'guest', 'party_id': '9999', '_options': {'self_role': 'guest', 'self_party_id': '9999', 'proxy_endpoint': 'rollsite:9370'}, '_registered_comm_types': {'grpc': <class 'eggroll.roll_site.roll_site.RollSiteGrpc'>}, 'proxy_endpoint': <ErEndpoint(host=rollsite, port=9370) at 0x7fdfc752a160>, 'is_standalone': False, 'pushing_latch': <eggroll.roll_site.roll_site.CountDownLatch object at 0x7fdfc752a358>, '_wait_push_exit_timeout': 600}
[INFO ][2022-07-15 10:07:28,175][MainThread,pid:1075,tid:140599552972608][transfer_pair.py:113.__init__] - transfer pair _executor_pool max_workers=5000
[INFO ][2022-07-15 10:08:13,559][Thread-288,pid:21,tid:140062750656256][session.py:74.__init__] - static conf path: /data/projects/fate/eggroll/conf/eggroll.properties
[INFO ][2022-07-15 10:08:15,158][Thread-288,pid:21,tid:140062750656256][session.py:212.__init__] - session init finished: 202207151006305793390_dataio_0_0_guest_9999_clean, details: <ErSessionMeta(id=202207151006305793390_dataio_0_0_guest_9999_clean, name=, status=ACTIVE, tag=, processors=[***, len=1], options=[{'eggroll.session.deploy.mode': 'cluster', 'eggroll.session.processors.per.node': '1', 'eggroll.rollpair.inmemory_output': 'True'}]) at 0x7f635a294ef0>
[INFO ][2022-07-15 10:08:15,159][Thread-288,pid:21,tid:140062750656256][gc_utils.py:26.__init__] - global GC enabled. starting GC thread
[INFO ][2022-07-15 10:08:15,341][Thread-288,pid:21,tid:140062750656256][session.py:374.stop] - stopping session (gracefully): 202207151006305793390_dataio_0_0_guest_9999_clean
[INFO ][2022-07-15 10:08:15,343][Thread-288,pid:21,tid:140062750656256][gc_utils.py:32.stop] - GC: gc_util.stop called
[INFO ][2022-07-15 10:08:15,660][Thread-289,pid:21,tid:140062457952000][gc_utils.py:52.run] - GC should_stop=True, stopping GC thread
[INFO ][2022-07-15 10:08:16,229][Thread-288,pid:21,tid:140062750656256][session.py:374.stop] - stopping session (gracefully): 202207151006305793390_dataio_0_0_guest_9999_clean
[INFO ][2022-07-15 10:08:16,236][Thread-288,pid:21,tid:140062750656256][gc_utils.py:32.stop] - GC: gc_util.stop called
[INFO ][2022-07-15 10:08:22,359][MainThread,pid:1256,tid:140450263050048][session.py:74.__init__] - static conf path: /data/projects/fate/eggroll/conf/eggroll.properties
[INFO ][2022-07-15 10:08:22,411][MainThread,pid:1256,tid:140450263050048][session.py:212.__init__] - session init finished: 202207151006305793390_dataio_0_0_guest_9999, details: <ErSessionMeta(id=202207151006305793390_dataio_0_0_guest_9999, name=, status=ACTIVE, tag=, processors=[***, len=4], options=[{'eggroll.session.processors.per.node': '4', 'eggroll.session.deploy.mode': 'cluster', 'python.path': '/data/projects/fate/fate/python:/opt/rh/rh-nodejs10/root/usr/lib/python2.7/site-packages::/data/projects/fate/fate/python:/data/projects/fate/eggroll/python:/data/projects/fate/fateflow/python:/data/projects/fate/fate/python/fate_client', 'python.venv': '/opt/app-root', 'eggroll.rollpair.inmemory_output': 'True'}]) at 0x7fbd05c29d30>
[INFO ][2022-07-15 10:08:22,413][MainThread,pid:1256,tid:140450263050048][gc_utils.py:26.__init__] - global GC enabled. starting GC thread
[INFO ][2022-07-15 10:08:22,488][MainThread,pid:1256,tid:140450263050048][session.py:374.stop] - stopping session (gracefully): 202207151006305793390_dataio_0_0_guest_9999
[INFO ][2022-07-15 10:08:22,489][MainThread,pid:1256,tid:140450263050048][gc_utils.py:32.stop] - GC: gc_util.stop called
[INFO ][2022-07-15 10:08:22,916][Thread-1,pid:1256,tid:140449591326464][gc_utils.py:52.run] - GC should_stop=True, stopping GC thread
[INFO ][2022-07-15 10:08:23,672][MainThread,pid:1256,tid:140450263050048][session.py:374.stop] - stopping session (gracefully): 202207151006305793390_dataio_0_0_guest_9999
[INFO ][2022-07-15 10:08:23,673][MainThread,pid:1256,tid:140450263050048][gc_utils.py:32.stop] - GC: gc_util.stop called
[INFO ][2022-07-15 10:08:41,466][Thread-321,pid:21,tid:140062457952000][session.py:74.__init__] - static conf path: /data/projects/fate/eggroll/conf/eggroll.properties
[INFO ][2022-07-15 10:08:45,697][MainThread,pid:1279,tid:139918554244928][session.py:74.__init__] - static conf path: /data/projects/fate/eggroll/conf/eggroll.properties
[INFO ][2022-07-15 10:08:46,058][Thread-321,pid:21,tid:140062457952000][session.py:212.__init__] - session init finished: 202207151006305793390_homo_nn_0_0_guest_9999_clean, details: <ErSessionMeta(id=202207151006305793390_homo_nn_0_0_guest_9999_clean, name=, status=ACTIVE, tag=, processors=[***, len=1], options=[{'eggroll.session.deploy.mode': 'cluster', 'eggroll.session.processors.per.node': '1', 'eggroll.rollpair.inmemory_output': 'True'}]) at 0x7f62e43818d0>
[INFO ][2022-07-15 10:08:46,059][Thread-321,pid:21,tid:140062457952000][gc_utils.py:26.__init__] - global GC enabled. starting GC thread
[INFO ][2022-07-15 10:08:46,232][Thread-321,pid:21,tid:140062457952000][session.py:374.stop] - stopping session (gracefully): 202207151006305793390_homo_nn_0_0_guest_9999_clean
[INFO ][2022-07-15 10:08:46,236][Thread-321,pid:21,tid:140062457952000][gc_utils.py:32.stop] - GC: gc_util.stop called
[INFO ][2022-07-15 10:08:46,561][Thread-322,pid:21,tid:140064176727808][gc_utils.py:52.run] - GC should_stop=True, stopping GC thread
[INFO ][2022-07-15 10:08:47,065][Thread-321,pid:21,tid:140062457952000][session.py:374.stop] - stopping session (gracefully): 202207151006305793390_homo_nn_0_0_guest_9999_clean
[INFO ][2022-07-15 10:08:47,070][Thread-321,pid:21,tid:140062457952000][gc_utils.py:32.stop] - GC: gc_util.stop called
[INFO ][2022-07-15 10:09:00,743][MainThread,pid:1352,tid:140303156934464][session.py:74.__init__] - static conf path: /data/projects/fate/eggroll/conf/eggroll.properties
[INFO ][2022-07-15 10:09:00,812][MainThread,pid:1352,tid:140303156934464][session.py:212.__init__] - session init finished: 202207151006305793390_homo_nn_0_0_guest_9999, details: <ErSessionMeta(id=202207151006305793390_homo_nn_0_0_guest_9999, name=, status=ACTIVE, tag=, processors=[***, len=4], options=[{'python.venv': '/opt/app-root', 'eggroll.session.deploy.mode': 'cluster', 'eggroll.rollpair.inmemory_output': 'True', 'eggroll.session.processors.per.node': '4', 'python.path': '/data/projects/fate/fate/python:/opt/rh/rh-nodejs10/root/usr/lib/python2.7/site-packages::/data/projects/fate/fate/python:/data/projects/fate/eggroll/python:/data/projects/fate/fateflow/python:/data/projects/fate/fate/python/fate_client'}]) at 0x7f9ac58d6cf8>
[INFO ][2022-07-15 10:09:00,813][MainThread,pid:1352,tid:140303156934464][gc_utils.py:26.__init__] - global GC enabled. starting GC thread
[INFO ][2022-07-15 10:09:00,944][MainThread,pid:1352,tid:140303156934464][session.py:374.stop] - stopping session (gracefully): 202207151006305793390_homo_nn_0_0_guest_9999
[INFO ][2022-07-15 10:09:00,946][MainThread,pid:1352,tid:140303156934464][gc_utils.py:32.stop] - GC: gc_util.stop called
[INFO ][2022-07-15 10:09:01,314][Thread-1,pid:1352,tid:140302488696576][gc_utils.py:52.run] - GC should_stop=True, stopping GC thread
[INFO ][2022-07-15 10:09:02,122][MainThread,pid:1352,tid:140303156934464][session.py:374.stop] - stopping session (gracefully): 202207151006305793390_homo_nn_0_0_guest_9999
[INFO ][2022-07-15 10:09:02,123][MainThread,pid:1352,tid:140303156934464][gc_utils.py:32.stop] - GC: gc_util.stop called
