Aug 09 21:39:31 Erased: 32:bind-utils-9.11.4-16.P2.el7_8.6.x86_64
Aug 09 21:39:31 Erased: firewalld-0.6.3-8.el7_8.1.noarch
Aug 09 21:39:31 Erased: 32:bind-libs-9.11.4-16.P2.el7_8.6.x86_64
Aug 09 21:39:31 Erased: python-firewall-0.6.3-8.el7_8.1.noarch
Aug 09 21:39:31 Erased: python-slip-dbus-0.4.0-4.el7.noarch
Aug 09 21:39:31 Erased: initscripts-9.49.49-1.el7.x86_64
Aug 09 21:39:31 Erased: python-slip-0.4.0-4.el7.noarch
Aug 09 21:39:31 Erased: python-decorator-3.4.0-3.el7.noarch
Aug 09 21:39:31 Erased: firewalld-filesystem-0.6.3-8.el7_8.1.noarch
Aug 09 21:39:31 Erased: linux-firmware-20191203-76.gite8a0f4c.el7.noarch
Aug 09 21:39:31 Erased: iproute-4.11.0-25.el7_7.2.x86_64
Aug 09 21:39:31 Erased: iptables-1.4.21-34.el7.x86_64
Aug 09 21:39:31 Erased: libnetfilter_conntrack-1.0.6-1.el7_3.x86_64
Aug 09 21:39:31 Erased: 32:bind-libs-lite-9.11.4-16.P2.el7_8.6.x86_64
Aug 09 21:39:31 Erased: ipset-7.1-1.el7.x86_64
Aug 09 21:39:31 Erased: ipset-libs-7.1-1.el7.x86_64
Aug 09 21:39:32 Erased: less-458-9.el7.x86_64
Aug 09 21:39:32 Erased: groff-base-1.22.2-8.el7.x86_64
Aug 09 21:39:32 Erased: libmnl-1.0.3-7.el7.x86_64
Aug 09 21:39:32 Erased: GeoIP-1.5.0-14.el7.x86_64
Aug 09 21:39:32 Erased: libnfnetlink-1.0.1-4.el7.x86_64
Aug 09 21:39:32 Erased: libselinux-python-2.5-15.el7.x86_64
Aug 09 21:39:32 Erased: sysvinit-tools-2.88-14.dsf.el7.x86_64
Aug 09 21:39:32 Erased: ebtables-2.0.10-16.el7.x86_64
Aug 09 21:39:32 Erased: grubby-8.28-26.el7.x86_64
Sep 09 11:47:55 Installed: lzo-2.06-8.el7.x86_64
Sep 09 11:47:57 Installed: libgomp-4.8.5-39.el7.x86_64
Sep 09 11:47:59 Installed: libunistring-0.9.3-9.el7.x86_64
Sep 09 11:48:01 Installed: libcroco-0.6.12-4.el7.x86_64
Sep 09 11:48:02 Installed: gettext-libs-0.19.8.1-3.el7.x86_64
Sep 09 11:48:04 Installed: libarchive-3.1.2-14.el7_7.x86_64
Sep 09 11:48:04 Installed: bsdtar-3.1.2-14.el7_7.x86_64
Sep 09 11:48:06 Installed: gettext-0.19.8.1-3.el7.x86_64
Sep 09 11:48:08 Installed: rsync-3.1.2-10.el7.x86_64
Sep 09 11:48:08 Installed: groff-base-1.22.2-8.el7.x86_64
Sep 09 11:48:08 Installed: scl-utils-20130529-19.el7.x86_64
Sep 09 11:48:08 Installed: unzip-6.0-21.el7.x86_64
Sep 09 11:48:29 Installed: centos-release-scl-rh-2-3.el7.centos.noarch
Sep 09 11:48:29 Installed: centos-release-scl-2-3.el7.centos.noarch
Sep 09 11:48:43 Installed: zlib-devel-1.2.7-18.el7.x86_64
Sep 09 11:48:45 Installed: mpfr-3.1.1-4.el7.x86_64
Sep 09 11:48:47 Installed: libmpc-1.0.1-3.el7.x86_64
Sep 09 11:48:47 Installed: fipscheck-1.4.1-6.el7.x86_64
Sep 09 11:48:48 Installed: fipscheck-lib-1.4.1-6.el7.x86_64
Sep 09 11:48:50 Installed: 2:libpng-1.5.13-7.el7_2.x86_64
Sep 09 11:48:52 Installed: freetype-2.8-14.el7.x86_64
Sep 09 11:48:52 Installed: 2:libpng-devel-1.5.13-7.el7_2.x86_64
Sep 09 11:48:52 Installed: freetype-devel-2.8-14.el7.x86_64
Sep 09 11:48:54 Installed: libjpeg-turbo-1.2.90-8.el7.x86_64
Sep 09 11:48:56 Installed: postgresql-libs-9.2.24-4.el7_8.x86_64
Sep 09 11:48:56 Installed: fontpackages-filesystem-1.44-8.el7.noarch
Sep 09 11:48:56 Installed: rh-nodejs10-runtime-3.2-3.el7.x86_64
Sep 09 11:48:58 Installed: libICE-1.0.9-9.el7.x86_64
Sep 09 11:49:00 Installed: libXau-1.0.8-2.1.el7.x86_64
Sep 09 11:49:02 Installed: libxcb-1.13-1.el7.x86_64
Sep 09 11:49:02 Installed: xorg-x11-proto-devel-2018.4-1.el7.noarch
Sep 09 11:49:02 Installed: libXau-devel-1.0.8-2.1.el7.x86_64
Sep 09 11:49:02 Installed: libxcb-devel-1.13-1.el7.x86_64
Sep 09 11:49:04 Installed: libSM-1.2.2-2.el7.x86_64
Sep 09 11:49:05 Installed: rh-nodejs10-nodejs-10.19.0-1.el7.x86_64
Sep 09 11:49:06 Installed: rh-nodejs10-npm-6.13.4-10.19.0.1.el7.x86_64
Sep 09 11:49:06 Installed: dejavu-fonts-common-2.33-6.el7.noarch
Sep 09 11:49:08 Installed: dejavu-sans-fonts-2.33-6.el7.noarch
Sep 09 11:49:11 Installed: fontconfig-2.13.0-4.3.el7.x86_64
Sep 09 11:49:11 Installed: postgresql-9.2.24-4.el7_8.x86_64
Sep 09 11:49:11 Installed: libjpeg-turbo-devel-1.2.90-8.el7.x86_64
Sep 09 11:49:13 Installed: openssh-7.4p1-21.el7.x86_64
Sep 09 11:49:16 Installed: cpp-4.8.5-39.el7.x86_64
Sep 09 11:49:16 Installed: 1:perl-parent-0.225-244.el7.noarch
Sep 09 11:49:16 Installed: perl-HTTP-Tiny-0.033-3.el7.noarch
Sep 09 11:49:16 Installed: perl-podlators-2.5.1-3.el7.noarch
Sep 09 11:49:16 Installed: perl-Pod-Perldoc-3.20-4.el7.noarch
Sep 09 11:49:16 Installed: 1:perl-Pod-Escapes-1.04-295.el7.noarch
Sep 09 11:49:16 Installed: perl-Text-ParseWords-3.29-4.el7.noarch
Sep 09 11:49:16 Installed: perl-Encode-2.51-7.el7.x86_64
Sep 09 11:49:16 Installed: perl-Pod-Usage-1.63-3.el7.noarch
Sep 09 11:49:18 Installed: 4:perl-libs-5.16.3-295.el7.x86_64
Sep 09 11:49:18 Installed: 4:perl-macros-5.16.3-295.el7.x86_64
Sep 09 11:49:18 Installed: 4:perl-Time-HiRes-1.9725-3.el7.x86_64
Sep 09 11:49:18 Installed: perl-threads-1.87-4.el7.x86_64
Sep 09 11:49:18 Installed: perl-Storable-2.45-3.el7.x86_64
Sep 09 11:49:18 Installed: perl-Carp-1.26-244.el7.noarch
Sep 09 11:49:18 Installed: perl-Filter-1.49-3.el7.x86_64
Sep 09 11:49:18 Installed: perl-Exporter-5.68-3.el7.noarch
Sep 09 11:49:18 Installed: perl-Time-Local-1.2300-2.el7.noarch
Sep 09 11:49:18 Installed: perl-constant-1.27-2.el7.noarch
Sep 09 11:49:18 Installed: perl-Socket-2.010-5.el7.x86_64
Sep 09 11:49:18 Installed: perl-threads-shared-1.43-6.el7.x86_64
Sep 09 11:49:18 Installed: perl-File-Temp-0.23.01-3.el7.noarch
Sep 09 11:49:18 Installed: perl-File-Path-2.09-2.el7.noarch
Sep 09 11:49:18 Installed: perl-PathTools-3.40-5.el7.x86_64
Sep 09 11:49:18 Installed: perl-Scalar-List-Utils-1.27-248.el7.x86_64
Sep 09 11:49:18 Installed: 1:perl-Pod-Simple-3.28-4.el7.noarch
Sep 09 11:49:18 Installed: perl-Getopt-Long-2.40-3.el7.noarch
Sep 09 11:49:20 Installed: 4:perl-5.16.3-295.el7.x86_64
Sep 09 11:49:20 Installed: 1:perl-Error-0.17020-2.el7.noarch
Sep 09 11:49:20 Installed: perl-TermReadKey-2.30-20.el7.x86_64
Sep 09 11:49:20 Installed: perl-Data-Dumper-2.145-3.el7.x86_64
Sep 09 11:49:20 Installed: perl-Test-Harness-3.28-3.el7.noarch
Sep 09 11:49:20 Installed: perl-Thread-Queue-3.02-2.el7.noarch
Sep 09 11:49:20 Installed: libstdc++-devel-4.8.5-39.el7.x86_64
Sep 09 11:49:20 Installed: libcom_err-devel-1.42.9-17.el7.x86_64
Sep 09 11:49:20 Installed: less-458-9.el7.x86_64
Sep 09 11:49:22 Installed: 1:mariadb-libs-5.5.65-1.el7.x86_64
Sep 09 11:49:22 Installed: libuuid-devel-2.23.2-63.el7.x86_64
Sep 09 11:49:22 Installed: xz-devel-5.2.2-1.el7.x86_64
Sep 09 11:49:22 Installed: libxml2-devel-2.9.1-6.el7.4.x86_64
Sep 09 11:49:24 Installed: libxslt-1.1.28-5.el7.x86_64
Sep 09 11:49:24 Installed: expat-devel-2.1.0-11.el7.x86_64
Sep 09 11:49:24 Installed: fontconfig-devel-2.13.0-4.3.el7.x86_64
Sep 09 11:49:26 Installed: m4-1.4.16-10.el7.x86_64
Sep 09 11:49:28 Installed: autoconf-2.69-11.el7.noarch
Sep 09 11:49:28 Installed: pcre-devel-8.32-17.el7.x86_64
Sep 09 11:49:28 Installed: kernel-headers-3.10.0-1127.19.1.el7.x86_64
Sep 09 11:49:30 Installed: glibc-headers-2.17-307.el7.1.x86_64
Sep 09 11:49:32 Installed: glibc-devel-2.17-307.el7.1.x86_64
Sep 09 11:49:35 Installed: gcc-4.8.5-39.el7.x86_64
Sep 09 11:49:37 Installed: libkadm5-1.15.1-46.el7.x86_64
Sep 09 11:49:37 Installed: keyutils-libs-devel-1.5.8-3.el7.x86_64
Sep 09 11:49:37 Installed: libgpg-error-devel-1.12-3.el7.x86_64
Sep 09 11:49:39 Installed: libgcrypt-devel-1.5.3-14.el7.x86_64
Sep 09 11:49:41 Installed: libedit-3.0-12.20121213cvs.el7.x86_64
Sep 09 11:49:41 Installed: openssh-clients-7.4p1-21.el7.x86_64
Sep 09 11:49:41 Installed: perl-Git-1.8.3.1-23.el7_8.noarch
Sep 09 11:49:42 Installed: git-1.8.3.1-23.el7_8.x86_64
Sep 09 11:49:42 Installed: libsepol-devel-2.5-10.el7.x86_64
Sep 09 11:49:42 Installed: libselinux-devel-2.5-15.el7.x86_64
Sep 09 11:49:42 Installed: libX11-common-1.6.7-2.el7.noarch
Sep 09 11:49:44 Installed: libX11-1.6.7-2.el7.x86_64
Sep 09 11:49:46 Installed: libXpm-3.5.12-1.el7.x86_64
Sep 09 11:49:46 Installed: libX11-devel-1.6.7-2.el7.x86_64
Sep 09 11:49:48 Installed: gd-2.0.35-26.el7.x86_64
Sep 09 11:49:49 Installed: libXext-1.3.3-3.el7.x86_64
Sep 09 11:49:51 Installed: libXt-1.1.5-3.el7.x86_64
Sep 09 11:49:51 Installed: libXpm-devel-3.5.12-1.el7.x86_64
Sep 09 11:49:51 Installed: libverto-devel-0.2.5-4.el7.x86_64
Sep 09 11:49:51 Installed: krb5-devel-1.15.1-46.el7.x86_64
Sep 09 11:49:52 Installed: 1:openssl-devel-1.0.2k-19.el7.x86_64
Sep 09 11:49:54 Installed: 1:mariadb-devel-5.5.65-1.el7.x86_64
Sep 09 11:49:54 Installed: gd-devel-2.0.35-26.el7.x86_64
Sep 09 11:49:54 Installed: libxslt-devel-1.1.28-5.el7.x86_64
Sep 09 11:49:55 Installed: gcc-c++-4.8.5-39.el7.x86_64
Sep 09 11:49:56 Installed: automake-1.13.4-3.el7.noarch
Sep 09 11:49:57 Installed: postgresql-devel-9.2.24-4.el7_8.x86_64
Sep 09 11:49:57 Installed: sqlite-devel-3.7.17-8.el7_7.1.x86_64
Sep 09 11:49:59 Installed: gdb-7.6.1-119.el7.x86_64
Sep 09 11:49:59 Installed: lsof-4.87-6.el7.x86_64
Sep 09 11:50:01 Installed: wget-1.14-18.el7_6.1.x86_64
Sep 09 11:50:01 Installed: patch-2.7.1-12.el7_7.x86_64
Sep 09 11:50:01 Installed: libcurl-devel-7.29.0-57.el7_8.1.x86_64
Sep 09 11:50:03 Installed: 1:make-3.82-24.el7.x86_64
Sep 09 11:50:03 Installed: bzip2-1.0.6-13.el7.x86_64
Sep 09 11:50:04 Installed: which-2.20-7.el7.x86_64
Sep 17 14:27:25 Installed: rh-python36-runtime-2.0-1.el7.x86_64
Sep 17 14:27:29 Installed: rh-python36-python-libs-3.6.9-2.el7.x86_64
Sep 17 14:27:29 Installed: rh-python36-python-3.6.9-2.el7.x86_64
Sep 17 14:27:29 Installed: rh-python36-python-setuptools-36.5.0-1.el7.noarch
Sep 17 14:27:30 Installed: rh-python36-python-pip-9.0.1-2.el7.noarch
Sep 17 14:27:32 Installed: apr-1.4.8-5.el7.x86_64
Sep 17 14:27:34 Installed: apr-util-1.5.2-6.el7.x86_64
Sep 17 14:27:36 Installed: libquadmath-4.8.5-39.el7.x86_64
Sep 17 14:27:38 Installed: libgfortran-4.8.5-39.el7.x86_64
Sep 17 14:27:38 Installed: apr-devel-1.4.8-5.el7.x86_64
Sep 17 14:27:38 Installed: hunspell-en-US-0.20121024-6.el7.noarch
Sep 17 14:27:40 Installed: hunspell-1.3.2-15.el7.x86_64
Sep 17 14:27:42 Installed: libnfnetlink-1.0.1-4.el7.x86_64
Sep 17 14:27:44 Installed: libmnl-1.0.3-7.el7.x86_64
Sep 17 14:27:46 Installed: libnetfilter_conntrack-1.0.6-1.el7_3.x86_64
Sep 17 14:27:50 Installed: iptables-1.4.21-34.el7.x86_64
Sep 17 14:27:50 Installed: iproute-4.11.0-25.el7_7.2.x86_64
Sep 17 14:27:53 Installed: atlas-3.10.1-12.el7.x86_64
Sep 17 14:27:53 Installed: libquadmath-devel-4.8.5-39.el7.x86_64
Sep 17 14:27:53 Installed: apr-util-ldap-1.5.2-6.el7.x86_64
Sep 17 14:27:53 Installed: apr-util-openssl-1.5.2-6.el7.x86_64
Sep 17 14:27:55 Installed: setools-libs-3.3.8-4.el7.x86_64
Sep 17 14:27:55 Installed: dwz-0.11-3.el7.x86_64
Sep 17 14:27:55 Installed: libselinux-python-2.5-15.el7.x86_64
Sep 17 14:27:55 Installed: zip-3.0-11.el7.x86_64
Sep 17 14:27:57 Installed: xml-common-0.6.3-39.el7.noarch
Sep 17 14:27:57 Installed: iso-codes-3.46-2.el7.noarch
Sep 17 14:28:00 Installed: centos-logos-70.0.6-3.el7.centos.noarch
Sep 17 14:28:00 Installed: checkpolicy-2.5-8.el7.x86_64
Sep 17 14:28:00 Installed: 1:openssl-1.0.2k-19.el7.x86_64
Sep 17 14:28:00 Installed: libsemanage-python-2.5-14.el7.x86_64
Sep 17 14:28:00 Installed: libselinux-utils-2.5-15.el7.x86_64
Sep 17 14:28:00 Installed: policycoreutils-2.5-34.el7.x86_64
Sep 17 14:28:00 Installed: libdb-devel-5.3.21-25.el7.x86_64
Sep 17 14:28:00 Installed: python-srpm-macros-3-32.el7.noarch
Sep 17 14:28:00 Installed: python-IPy-0.75-6.el7.noarch
Sep 17 14:28:00 Installed: sysvinit-tools-2.88-14.dsf.el7.x86_64
Sep 17 14:28:04 Installed: initscripts-9.49.49-1.el7.x86_64
Sep 17 14:28:08 Installed: cyrus-sasl-2.1.26-23.el7.x86_64
Sep 17 14:28:08 Installed: cyrus-sasl-devel-2.1.26-23.el7.x86_64
Sep 17 14:28:08 Installed: openldap-devel-2.4.44-21.el7_6.x86_64
Sep 17 14:28:08 Installed: apr-util-devel-1.5.2-6.el7.x86_64
Sep 17 14:28:09 Installed: perl-srpm-macros-1-8.el7.noarch
Sep 17 14:28:09 Installed: redhat-rpm-config-9.1.0-88.el7.centos.noarch
Sep 17 14:28:09 Installed: scl-utils-build-20130529-19.el7.x86_64
Sep 17 14:28:09 Installed: rh-python36-python-devel-3.6.9-2.el7.x86_64
Sep 17 14:28:09 Installed: rh-python36-python-virtualenv-15.1.0-2.el7.noarch
Sep 17 14:28:09 Installed: mailcap-2.1.41-2.el7.noarch
Sep 17 14:28:09 Installed: audit-libs-python-2.8.5-4.el7.x86_64
Sep 17 14:28:13 Installed: libcgroup-0.41-21.el7.x86_64
Sep 17 14:28:13 Installed: policycoreutils-python-2.5-34.el7.x86_64
Sep 17 14:28:15 Installed: httpd24-runtime-1.1-19.el7.x86_64
Sep 17 14:28:17 Installed: httpd24-libnghttp2-1.7.1-8.el7.1.x86_64
Sep 17 14:28:17 Installed: httpd24-httpd-tools-2.4.34-18.el7.x86_64
Sep 17 14:28:22 Installed: httpd24-httpd-2.4.34-18.el7.x86_64
Sep 17 14:28:22 Installed: httpd24-mod_auth_kerb-5.4-33.el7.x86_64
Sep 17 14:28:22 Installed: httpd24-mod_ldap-2.4.34-18.el7.x86_64
Sep 17 14:28:22 Installed: httpd24-1.1-19.el7.x86_64
Sep 17 14:28:22 Installed: httpd24-httpd-devel-2.4.34-18.el7.x86_64
Sep 17 14:28:24 Installed: 1:httpd24-mod_ssl-2.4.34-18.el7.x86_64
Sep 17 14:28:24 Installed: httpd24-mod_session-2.4.34-18.el7.x86_64
Sep 17 14:28:24 Installed: rh-python36-2.0-1.el7.x86_64
Sep 17 14:28:27 Installed: gcc-gfortran-4.8.5-39.el7.x86_64
Sep 17 14:28:27 Installed: atlas-devel-3.10.1-12.el7.x86_64
Sep 17 14:28:29 Installed: 1:enchant-1.6.0-8.el7.x86_64
Sep 17 14:28:31 Installed: nss_wrapper-1.0.3-1.el7.x86_64
Sep 17 14:28:33 Installed: libtool-ltdl-2.4.2-22.el7_3.x86_64
Sep 17 14:28:35 Installed: libffi-devel-3.0.13-19.el7.x86_64
Apr 18 14:30:01 Updated: libgcc-4.8.5-44.el7.x86_64
Apr 18 14:30:01 Updated: zlib-1.2.7-19.el7_9.x86_64
Apr 18 14:30:02 Updated: libstdc++-4.8.5-44.el7.x86_64
Apr 18 14:30:02 Updated: libquadmath-4.8.5-44.el7.x86_64
Apr 18 14:30:03 Updated: lz4-1.8.3-1.el7.x86_64
Apr 18 14:30:04 Updated: 1:openssl-libs-1.0.2k-25.el7_9.x86_64
Apr 18 14:30:04 Installed: 1:gmp-devel-6.0.0-15.el7.x86_64
Apr 18 14:30:05 Installed: mpfr-devel-3.1.1-4.el7.x86_64
Apr 18 14:30:05 Updated: systemd-libs-219-78.el7_9.5.x86_64
Apr 18 14:30:08 Updated: systemd-219-78.el7_9.5.x86_64
Apr 18 14:30:08 Installed: crontabs-1.11-6.20121102git.el7.noarch
Apr 18 14:30:08 Installed: cronie-anacron-1.4.11-24.el7_9.x86_64
Apr 18 14:30:09 Installed: cronie-1.4.11-24.el7_9.x86_64
Apr 18 14:30:09 Installed: systemd-sysv-219-78.el7_9.5.x86_64
Apr 18 14:30:10 Updated: libgfortran-4.8.5-44.el7.x86_64
Apr 18 14:30:11 Installed: snappy-1.1.0-3.el7.x86_64
Apr 18 14:30:11 Updated: libstdc++-devel-4.8.5-44.el7.x86_64
Apr 18 14:30:12 Updated: cpp-4.8.5-44.el7.x86_64
Apr 18 14:30:12 Updated: zlib-devel-1.2.7-19.el7_9.x86_64
Apr 18 14:30:13 Installed: numactl-libs-2.0.12-5.el7.x86_64
Apr 18 14:30:13 Updated: libgomp-4.8.5-44.el7.x86_64
Apr 18 14:30:15 Updated: gcc-4.8.5-44.el7.x86_64
Apr 18 14:30:15 Updated: libquadmath-devel-4.8.5-44.el7.x86_64
Apr 18 14:30:15 Installed: lm_sensors-libs-3.4.0-8.20160601gitf9185e5.el7.x86_64
Apr 18 14:30:16 Installed: sysstat-10.1.5-19.el7.x86_64
Apr 18 14:30:17 Updated: gcc-gfortran-4.8.5-44.el7.x86_64
Apr 18 14:30:18 Updated: gcc-c++-4.8.5-44.el7.x86_64
Apr 18 14:30:19 Installed: libtool-2.4.2-22.el7_3.x86_64
Apr 18 14:30:19 Installed: numactl-2.0.12-5.el7.x86_64
Apr 18 14:30:19 Updated: 1:openssl-devel-1.0.2k-25.el7_9.x86_64
Apr 18 14:30:19 Installed: snappy-devel-1.1.0-3.el7.x86_64
Apr 18 14:30:20 Installed: libmpc-devel-1.0.1-3.el7.x86_64
Apr 18 14:30:20 Updated: 1:openssl-1.0.2k-25.el7_9.x86_64
Apr 18 14:30:20 Installed: lz4-devel-1.8.3-1.el7.x86_64
Apr 18 14:30:21 Installed: libasan-4.8.5-44.el7.x86_64
Apr 18 14:30:21 Installed: psmisc-22.20-17.el7.x86_64
Apr 18 14:30:21 Installed: 1:telnet-0.17-66.el7.x86_64
Apr 18 14:30:21 Installed: libaio-0.3.109-13.el7.x86_64
Apr 18 14:30:21 Installed: bzip2-devel-1.0.6-13.el7.x86_64
